#
# A fatal error has been detected by the Java Runtime Environment:
#
#  EXCEPTION_ACCESS_VIOLATION (0xc0000005) at pc=0x0000000000010101, pid=15092, tid=1564
#
# JRE version: OpenJDK Runtime Environment (11.0.12+7) (build 11.0.12+7-b1504.28-7817840)
# Java VM: OpenJDK 64-Bit Server VM (11.0.12+7-b1504.28-7817840, mixed mode, tiered, compressed oops, g1 gc, windows-amd64)
# Problematic frame:
# C  0x0000000000010101
#
# No core dump will be written. Minidumps are not enabled by default on client versions of Windows
#
# If you would like to submit a bug report, please visit:
#   https://bugreport.java.com/bugreport/crash.jsp
#

---------------  S U M M A R Y ------------

Command Line: --add-opens=java.base/java.util=ALL-UNNAMED --add-opens=java.base/java.lang=ALL-UNNAMED --add-opens=java.base/java.lang.invoke=ALL-UNNAMED --add-opens=java.base/java.util=ALL-UNNAMED --add-opens=java.prefs/java.util.prefs=ALL-UNNAMED --add-opens=java.prefs/java.util.prefs=ALL-UNNAMED --add-opens=java.base/java.nio.charset=ALL-UNNAMED --add-opens=java.base/java.net=ALL-UNNAMED --add-opens=java.base/java.util.concurrent.atomic=ALL-UNNAMED -Xmx1536M -Dfile.encoding=windows-1252 -Duser.country=US -Duser.language=en -Duser.variant org.gradle.launcher.daemon.bootstrap.GradleDaemon 7.4

Host: Intel(R) Core(TM) i5-4210M CPU @ 2.60GHz, 4 cores, 11G,  Windows 10 , 64 bit Build 19041 (10.0.19041.2546)
Time: Mon Apr 10 21:33:44 2023 W. Central Africa Standard Time elapsed time: 128.917680 seconds (0d 0h 2m 8s)

---------------  T H R E A D  ---------------

Current thread (0x000001dc48e70800):  GCTaskThread "GC Thread#1" [stack: 0x000000b85a300000,0x000000b85a400000] [id=1564]

Stack: [0x000000b85a300000,0x000000b85a400000],  sp=0x000000b85a3fee68,  free space=1019k
Native frames: (J=compiled Java code, j=interpreted, Vv=VM code, C=native code)
C  0x0000000000010101


siginfo: EXCEPTION_ACCESS_VIOLATION (0xc0000005), data execution prevention violation at address 0x0000000000010101


Register to memory mapping:

RIP=0x0000000000010101 is an unknown value
RAX=0x00000000000001dc is an unknown value
RBX=0x00000000a6f12af8 is an oop: 
[error occurred during error reporting (printing register info), id 0xc0000005, EXCEPTION_ACCESS_VIOLATION (0xc0000005) at pc=0x000001dc4778cfe8]

Registers:
RAX=0x00000000000001dc, RBX=0x00000000a6f12af8, RCX=0x000001dc4a3722b0, RDX=0x00000000a6f12af8
RSP=0x000000b85a3fee68, RBP=0x000000000000000d, RSI=0x000001dc4a372140, RDI=0x000001dc4a372140
R8 =0x000000010051bfa0, R9 =0x00007ff8613a74a0, R10=0x0000000000000000, R11=0x000001dc500d9010
R12=0x0000000008f1e014, R13=0x0000000000000000, R14=0x0000000000000001, R15=0x00000000a6f12af8
RIP=0x0000000000010101, EFLAGS=0x0000000000010206

Top of Stack: (sp=0x000000b85a3fee68)
0x000000b85a3fee68:   00007ff860d079a7 00000000a6f12af8
0x000000b85a3fee78:   000000000000000d 000001dc2d11e870
0x000000b85a3fee88:   000001dc4a372140 0000000000000000
0x000000b85a3fee98:   00007ff860d07494 000001dc4a372140
0x000000b85a3feea8:   00000000a74c2d01 000000000000000d
0x000000b85a3feeb8:   000000000000000d 000001dc2d07fb70
0x000000b85a3feec8:   0000000000000000 000000044a372202
0x000000b85a3feed8:   0000000000000015 0000000000000000
0x000000b85a3feee8:   000001dc4a372140 0000000000000040
0x000000b85a3feef8:   000001dc2d07fbf0 0000000000000000
0x000000b85a3fef08:   000001dc4a372140 000001dc2d0785e0
0x000000b85a3fef18:   00007ff860cd9052 000001dc4a372100
0x000000b85a3fef28:   00000000a7700001 0000000000000000
0x000000b85a3fef38:   00000000a74c2d58 000001dc2d07fb70
0x000000b85a3fef48:   00007ff860d057ab 00000000000003e2
0x000000b85a3fef58:   00000000000003ba 000001dc2d0785e0 

Instructions: (pc=0x0000000000010101)
0x0000000000010001:   ?? ?? ?? ?? ?? ?? ?? ?? ?? ?? ?? ?? ?? ?? ?? ??
0x0000000000010011:   ?? ?? ?? ?? ?? ?? ?? ?? ?? ?? ?? ?? ?? ?? ?? ??
0x0000000000010021:   ?? ?? ?? ?? ?? ?? ?? ?? ?? ?? ?? ?? ?? ?? ?? ??
0x0000000000010031:   ?? ?? ?? ?? ?? ?? ?? ?? ?? ?? ?? ?? ?? ?? ?? ??
0x0000000000010041:   ?? ?? ?? ?? ?? ?? ?? ?? ?? ?? ?? ?? ?? ?? ?? ??
0x0000000000010051:   ?? ?? ?? ?? ?? ?? ?? ?? ?? ?? ?? ?? ?? ?? ?? ??
0x0000000000010061:   ?? ?? ?? ?? ?? ?? ?? ?? ?? ?? ?? ?? ?? ?? ?? ??
0x0000000000010071:   ?? ?? ?? ?? ?? ?? ?? ?? ?? ?? ?? ?? ?? ?? ?? ??
0x0000000000010081:   ?? ?? ?? ?? ?? ?? ?? ?? ?? ?? ?? ?? ?? ?? ?? ??
0x0000000000010091:   ?? ?? ?? ?? ?? ?? ?? ?? ?? ?? ?? ?? ?? ?? ?? ??
0x00000000000100a1:   ?? ?? ?? ?? ?? ?? ?? ?? ?? ?? ?? ?? ?? ?? ?? ??
0x00000000000100b1:   ?? ?? ?? ?? ?? ?? ?? ?? ?? ?? ?? ?? ?? ?? ?? ??
0x00000000000100c1:   ?? ?? ?? ?? ?? ?? ?? ?? ?? ?? ?? ?? ?? ?? ?? ??
0x00000000000100d1:   ?? ?? ?? ?? ?? ?? ?? ?? ?? ?? ?? ?? ?? ?? ?? ??
0x00000000000100e1:   ?? ?? ?? ?? ?? ?? ?? ?? ?? ?? ?? ?? ?? ?? ?? ??
0x00000000000100f1:   ?? ?? ?? ?? ?? ?? ?? ?? ?? ?? ?? ?? ?? ?? ?? ??
0x0000000000010101:   ?? ?? ?? ?? ?? ?? ?? ?? ?? ?? ?? ?? ?? ?? ?? ??
0x0000000000010111:   ?? ?? ?? ?? ?? ?? ?? ?? ?? ?? ?? ?? ?? ?? ?? ??
0x0000000000010121:   ?? ?? ?? ?? ?? ?? ?? ?? ?? ?? ?? ?? ?? ?? ?? ??
0x0000000000010131:   ?? ?? ?? ?? ?? ?? ?? ?? ?? ?? ?? ?? ?? ?? ?? ??
0x0000000000010141:   ?? ?? ?? ?? ?? ?? ?? ?? ?? ?? ?? ?? ?? ?? ?? ??
0x0000000000010151:   ?? ?? ?? ?? ?? ?? ?? ?? ?? ?? ?? ?? ?? ?? ?? ??
0x0000000000010161:   ?? ?? ?? ?? ?? ?? ?? ?? ?? ?? ?? ?? ?? ?? ?? ??
0x0000000000010171:   ?? ?? ?? ?? ?? ?? ?? ?? ?? ?? ?? ?? ?? ?? ?? ??
0x0000000000010181:   ?? ?? ?? ?? ?? ?? ?? ?? ?? ?? ?? ?? ?? ?? ?? ??
0x0000000000010191:   ?? ?? ?? ?? ?? ?? ?? ?? ?? ?? ?? ?? ?? ?? ?? ??
0x00000000000101a1:   ?? ?? ?? ?? ?? ?? ?? ?? ?? ?? ?? ?? ?? ?? ?? ??
0x00000000000101b1:   ?? ?? ?? ?? ?? ?? ?? ?? ?? ?? ?? ?? ?? ?? ?? ??
0x00000000000101c1:   ?? ?? ?? ?? ?? ?? ?? ?? ?? ?? ?? ?? ?? ?? ?? ??
0x00000000000101d1:   ?? ?? ?? ?? ?? ?? ?? ?? ?? ?? ?? ?? ?? ?? ?? ??
0x00000000000101e1:   ?? ?? ?? ?? ?? ?? ?? ?? ?? ?? ?? ?? ?? ?? ?? ??
0x00000000000101f1:   ?? ?? ?? ?? ?? ?? ?? ?? ?? ?? ?? ?? ?? ?? ?? ?? 


Stack slot to memory mapping:
stack at sp + 0 slots: 0x00007ff860d079a7 jvm.dll
stack at sp + 1 slots: 0x00000000a6f12af8 is an oop: 
[error occurred during error reporting (inspecting top of stack), id 0xc0000005, EXCEPTION_ACCESS_VIOLATION (0xc0000005) at pc=0x000001dc4778cfe8]


---------------  P R O C E S S  ---------------

Threads class SMR info:
_java_thread_list=0x000001dc4e0b6e90, length=79, elements={
0x000001dc2d064000, 0x000001dc478dd800, 0x000001dc478e2000, 0x000001dc48149800,
0x000001dc4814c000, 0x000001dc4814f000, 0x000001dc48153800, 0x000001dc48154800,
0x000001dc48158800, 0x000001dc482c0800, 0x000001dc49b44800, 0x000001dc4a686800,
0x000001dc493b3800, 0x000001dc4a075800, 0x000001dc4865c000, 0x000001dc48ee5800,
0x000001dc4871e800, 0x000001dc4871f800, 0x000001dc4a27a000, 0x000001dc4a279000,
0x000001dc4a278800, 0x000001dc4a27b000, 0x000001dc4a4db800, 0x000001dc4a4d9000,
0x000001dc4a4d8000, 0x000001dc4a4dc800, 0x000001dc4a4da000, 0x000001dc4a4d7800,
0x000001dc4a4df800, 0x000001dc4a4e0800, 0x000001dc4a4da800, 0x000001dc4a4e1000,
0x000001dc4a4e3000, 0x000001dc4a4e3800, 0x000001dc4a4de000, 0x000001dc4a4e4800,
0x000001dc4a4df000, 0x000001dc4a4e5800, 0x000001dc4a4e6000, 0x000001dc4b50c000,
0x000001dc4b50d000, 0x000001dc4b509000, 0x000001dc4b50e000, 0x000001dc4b50e800,
0x000001dc4b50a800, 0x000001dc4b50f800, 0x000001dc4b50a000, 0x000001dc4b50b800,
0x000001dc4af6b000, 0x000001dc4af6d800, 0x000001dc4af6e000, 0x000001dc4af6f000,
0x000001dc4af6b800, 0x000001dc4af69800, 0x000001dc4af70000, 0x000001dc4af6a000,
0x000001dc4af6c800, 0x000001dc4af76800, 0x000001dc4af75800, 0x000001dc4af74000,
0x000001dc4af73000, 0x000001dc4af71800, 0x000001dc4af74800, 0x000001dc4af70800,
0x000001dc4af77000, 0x000001dc4af78000, 0x000001dc4af72800, 0x000001dc4ab90000,
0x000001dc4ab90800, 0x000001dc4ab92000, 0x000001dc4ab91800, 0x000001dc4ab8c800,
0x000001dc4ab8f000, 0x000001dc4ab93000, 0x000001dc4ab8d800, 0x000001dc4ab94000,
0x000001dc4ab8e000, 0x000001dc4ab99800, 0x000001dc4ab96800
}

Java Threads: ( => current thread )
  0x000001dc2d064000 JavaThread "main" [_thread_blocked, id=12164, stack(0x000000b859100000,0x000000b859200000)]
  0x000001dc478dd800 JavaThread "Reference Handler" daemon [_thread_blocked, id=2512, stack(0x000000b859800000,0x000000b859900000)]
  0x000001dc478e2000 JavaThread "Finalizer" daemon [_thread_blocked, id=9892, stack(0x000000b859900000,0x000000b859a00000)]
  0x000001dc48149800 JavaThread "Signal Dispatcher" daemon [_thread_blocked, id=14168, stack(0x000000b859a00000,0x000000b859b00000)]
  0x000001dc4814c000 JavaThread "Attach Listener" daemon [_thread_blocked, id=8164, stack(0x000000b859b00000,0x000000b859c00000)]
  0x000001dc4814f000 JavaThread "Service Thread" daemon [_thread_blocked, id=11892, stack(0x000000b859c00000,0x000000b859d00000)]
  0x000001dc48153800 JavaThread "C2 CompilerThread0" daemon [_thread_blocked, id=12312, stack(0x000000b859d00000,0x000000b859e00000)]
  0x000001dc48154800 JavaThread "C1 CompilerThread0" daemon [_thread_blocked, id=9024, stack(0x000000b859e00000,0x000000b859f00000)]
  0x000001dc48158800 JavaThread "Sweeper thread" daemon [_thread_blocked, id=10964, stack(0x000000b859f00000,0x000000b85a000000)]
  0x000001dc482c0800 JavaThread "Common-Cleaner" daemon [_thread_blocked, id=5136, stack(0x000000b85a000000,0x000000b85a100000)]
  0x000001dc49b44800 JavaThread "Daemon health stats" [_thread_blocked, id=7392, stack(0x000000b85a600000,0x000000b85a700000)]
  0x000001dc4a686800 JavaThread "Incoming local TCP Connector on port 54672" [_thread_in_native, id=9576, stack(0x000000b85a200000,0x000000b85a300000)]
  0x000001dc493b3800 JavaThread "Daemon periodic checks" [_thread_blocked, id=10080, stack(0x000000b85a700000,0x000000b85a800000)]
  0x000001dc4a075800 JavaThread "Daemon" [_thread_blocked, id=14692, stack(0x000000b85a800000,0x000000b85a900000)]
  0x000001dc4865c000 JavaThread "Handler for socket connection from /127.0.0.1:54672 to /127.0.0.1:54673" [_thread_in_native, id=13468, stack(0x000000b85a900000,0x000000b85aa00000)]
  0x000001dc48ee5800 JavaThread "Cancel handler" [_thread_blocked, id=15240, stack(0x000000b85aa00000,0x000000b85ab00000)]
  0x000001dc4871e800 JavaThread "Daemon worker" [_thread_blocked, id=12612, stack(0x000000b85ab00000,0x000000b85ac00000)]
  0x000001dc4871f800 JavaThread "Asynchronous log dispatcher for DefaultDaemonConnection: socket connection from /127.0.0.1:54672 to /127.0.0.1:54673" [_thread_blocked, id=6688, stack(0x000000b85ac00000,0x000000b85ad00000)]
  0x000001dc4a27a000 JavaThread "Daemon client event forwarder" [_thread_blocked, id=12468, stack(0x000000b85ae00000,0x000000b85af00000)]
  0x000001dc4a279000 JavaThread "Cache worker for journal cache (C:\Users\APP-IMPACT COM\.gradle\caches\journal-1)" [_thread_blocked, id=12568, stack(0x000000b85af00000,0x000000b85b000000)]
  0x000001dc4a278800 JavaThread "File lock request listener" [_thread_in_native, id=7704, stack(0x000000b85b000000,0x000000b85b100000)]
  0x000001dc4a27b000 JavaThread "Cache worker for file hash cache (C:\Users\APP-IMPACT COM\.gradle\caches\7.4\fileHashes)" [_thread_blocked, id=4700, stack(0x000000b85b100000,0x000000b85b200000)]
  0x000001dc4a4db800 JavaThread "File watcher server" daemon [_thread_in_native, id=7632, stack(0x000000b85b200000,0x000000b85b300000)]
  0x000001dc4a4d9000 JavaThread "File watcher consumer" daemon [_thread_blocked, id=10652, stack(0x000000b85b300000,0x000000b85b400000)]
  0x000001dc4a4d8000 JavaThread "Cache worker for checksums cache (C:\Users\APP-IMPACT COM\Documents\remote_access\flutter_dev_assessment\android\.gradle\7.4\checksums)" [_thread_blocked, id=5432, stack(0x000000b85b400000,0x000000b85b500000)]
  0x000001dc4a4dc800 JavaThread "Cache worker for cache directory md-rule (C:\Users\APP-IMPACT COM\.gradle\caches\7.4\md-rule)" [_thread_blocked, id=5928, stack(0x000000b85b500000,0x000000b85b600000)]
  0x000001dc4a4da000 JavaThread "Cache worker for file hash cache (C:\Users\APP-IMPACT COM\Documents\remote_access\flutter_dev_assessment\android\.gradle\7.4\fileHashes)" [_thread_blocked, id=3612, stack(0x000000b85b600000,0x000000b85b700000)]
  0x000001dc4a4d7800 JavaThread "Cache worker for cache directory md-supplier (C:\Users\APP-IMPACT COM\.gradle\caches\7.4\md-supplier)" [_thread_blocked, id=5700, stack(0x000000b85b700000,0x000000b85b800000)]
  0x000001dc4a4df800 JavaThread "Cache worker for execution history cache (C:\Users\APP-IMPACT COM\.gradle\caches\7.4\executionHistory)" [_thread_blocked, id=14600, stack(0x000000b85b800000,0x000000b85b900000)]
  0x000001dc4a4e0800 JavaThread "jar transforms" [_thread_blocked, id=14476, stack(0x000000b85ba00000,0x000000b85bb00000)]
  0x000001dc4a4da800 JavaThread "jar transforms Thread 2" [_thread_blocked, id=7956, stack(0x000000b85b900000,0x000000b85ba00000)]
  0x000001dc4a4e1000 JavaThread "Cache worker for file content cache (C:\Users\APP-IMPACT COM\.gradle\caches\7.4\fileContent)" [_thread_blocked, id=11260, stack(0x000000b85bc00000,0x000000b85bd00000)]
  0x000001dc4a4e3000 JavaThread "jar transforms Thread 3" [_thread_blocked, id=14552, stack(0x000000b85bb00000,0x000000b85bc00000)]
  0x000001dc4a4e3800 JavaThread "jar transforms Thread 4" [_thread_blocked, id=14468, stack(0x000000b85bd00000,0x000000b85be00000)]
  0x000001dc4a4de000 JavaThread "Cache worker for dependencies-accessors (C:\Users\APP-IMPACT COM\Documents\remote_access\flutter_dev_assessment\android\.gradle\7.4\dependencies-accessors)" [_thread_blocked, id=8228, stack(0x000000b85be00000,0x000000b85bf00000)]
  0x000001dc4a4e4800 JavaThread "File lock release action executor" [_thread_blocked, id=8324, stack(0x000000b85c200000,0x000000b85c300000)]
  0x000001dc4a4df000 JavaThread "Cache worker for Build Output Cleanup Cache (C:\Users\APP-IMPACT COM\Documents\remote_access\flutter_dev_assessment\android\.gradle\buildOutputCleanup)" [_thread_blocked, id=14248, stack(0x000000b85c100000,0x000000b85c200000)]
  0x000001dc4a4e5800 JavaThread "Unconstrained build operations" [_thread_blocked, id=3572, stack(0x000000b858e00000,0x000000b858f00000)]
  0x000001dc4a4e6000 JavaThread "Unconstrained build operations Thread 2" [_thread_blocked, id=12100, stack(0x000000b858f00000,0x000000b859000000)]
  0x000001dc4b50c000 JavaThread "Unconstrained build operations Thread 3" [_thread_blocked, id=13560, stack(0x000000b859000000,0x000000b859100000)]
  0x000001dc4b50d000 JavaThread "Unconstrained build operations Thread 4" [_thread_blocked, id=5576, stack(0x000000b85c300000,0x000000b85c400000)]
  0x000001dc4b509000 JavaThread "Unconstrained build operations Thread 5" [_thread_blocked, id=6216, stack(0x000000b85c400000,0x000000b85c500000)]
  0x000001dc4b50e000 JavaThread "Unconstrained build operations Thread 6" [_thread_blocked, id=2564, stack(0x000000b85c500000,0x000000b85c600000)]
  0x000001dc4b50e800 JavaThread "Unconstrained build operations Thread 7" [_thread_blocked, id=12324, stack(0x000000b85c600000,0x000000b85c700000)]
  0x000001dc4b50a800 JavaThread "Unconstrained build operations Thread 8" [_thread_blocked, id=5048, stack(0x000000b85c700000,0x000000b85c800000)]
  0x000001dc4b50f800 JavaThread "Unconstrained build operations Thread 9" [_thread_blocked, id=352, stack(0x000000b85c800000,0x000000b85c900000)]
  0x000001dc4b50a000 JavaThread "Unconstrained build operations Thread 10" [_thread_blocked, id=2460, stack(0x000000b85c900000,0x000000b85ca00000)]
  0x000001dc4b50b800 JavaThread "Unconstrained build operations Thread 11" [_thread_blocked, id=10696, stack(0x000000b85ca00000,0x000000b85cb00000)]
  0x000001dc4af6b000 JavaThread "Unconstrained build operations Thread 12" [_thread_blocked, id=11652, stack(0x000000b85cb00000,0x000000b85cc00000)]
  0x000001dc4af6d800 JavaThread "Unconstrained build operations Thread 13" [_thread_blocked, id=14860, stack(0x000000b85cc00000,0x000000b85cd00000)]
  0x000001dc4af6e000 JavaThread "Unconstrained build operations Thread 14" [_thread_blocked, id=13592, stack(0x000000b85cd00000,0x000000b85ce00000)]
  0x000001dc4af6f000 JavaThread "Unconstrained build operations Thread 15" [_thread_blocked, id=14728, stack(0x000000b85ce00000,0x000000b85cf00000)]
  0x000001dc4af6b800 JavaThread "Unconstrained build operations Thread 16" [_thread_blocked, id=2220, stack(0x000000b85cf00000,0x000000b85d000000)]
  0x000001dc4af69800 JavaThread "Unconstrained build operations Thread 17" [_thread_blocked, id=5436, stack(0x000000b85d000000,0x000000b85d100000)]
  0x000001dc4af70000 JavaThread "Unconstrained build operations Thread 18" [_thread_blocked, id=10480, stack(0x000000b85d100000,0x000000b85d200000)]
  0x000001dc4af6a000 JavaThread "Unconstrained build operations Thread 19" [_thread_blocked, id=14824, stack(0x000000b85d200000,0x000000b85d300000)]
  0x000001dc4af6c800 JavaThread "Unconstrained build operations Thread 20" [_thread_blocked, id=15088, stack(0x000000b85d300000,0x000000b85d400000)]
  0x000001dc4af76800 JavaThread "Unconstrained build operations Thread 21" [_thread_blocked, id=7836, stack(0x000000b85d400000,0x000000b85d500000)]
  0x000001dc4af75800 JavaThread "Unconstrained build operations Thread 22" [_thread_blocked, id=14268, stack(0x000000b85d500000,0x000000b85d600000)]
  0x000001dc4af74000 JavaThread "Unconstrained build operations Thread 23" [_thread_blocked, id=4496, stack(0x000000b85d600000,0x000000b85d700000)]
  0x000001dc4af73000 JavaThread "Unconstrained build operations Thread 24" [_thread_blocked, id=8400, stack(0x000000b85d700000,0x000000b85d800000)]
  0x000001dc4af71800 JavaThread "Unconstrained build operations Thread 25" [_thread_blocked, id=2312, stack(0x000000b85d800000,0x000000b85d900000)]
  0x000001dc4af74800 JavaThread "Unconstrained build operations Thread 26" [_thread_blocked, id=9716, stack(0x000000b85d900000,0x000000b85da00000)]
  0x000001dc4af70800 JavaThread "Unconstrained build operations Thread 27" [_thread_blocked, id=6548, stack(0x000000b85da00000,0x000000b85db00000)]
  0x000001dc4af77000 JavaThread "Unconstrained build operations Thread 28" [_thread_blocked, id=12924, stack(0x000000b85db00000,0x000000b85dc00000)]
  0x000001dc4af78000 JavaThread "Unconstrained build operations Thread 29" [_thread_blocked, id=13820, stack(0x000000b85dc00000,0x000000b85dd00000)]
  0x000001dc4af72800 JavaThread "Unconstrained build operations Thread 30" [_thread_blocked, id=8332, stack(0x000000b85dd00000,0x000000b85de00000)]
  0x000001dc4ab90000 JavaThread "Unconstrained build operations Thread 31" [_thread_blocked, id=9940, stack(0x000000b85de00000,0x000000b85df00000)]
  0x000001dc4ab90800 JavaThread "Unconstrained build operations Thread 32" [_thread_blocked, id=9360, stack(0x000000b85df00000,0x000000b85e000000)]
  0x000001dc4ab92000 JavaThread "Unconstrained build operations Thread 33" [_thread_blocked, id=6720, stack(0x000000b85e000000,0x000000b85e100000)]
  0x000001dc4ab91800 JavaThread "Unconstrained build operations Thread 34" [_thread_blocked, id=12900, stack(0x000000b85e100000,0x000000b85e200000)]
  0x000001dc4ab8c800 JavaThread "Unconstrained build operations Thread 35" [_thread_blocked, id=2860, stack(0x000000b85e200000,0x000000b85e300000)]
  0x000001dc4ab8f000 JavaThread "Unconstrained build operations Thread 36" [_thread_blocked, id=2952, stack(0x000000b85e300000,0x000000b85e400000)]
  0x000001dc4ab93000 JavaThread "Unconstrained build operations Thread 37" [_thread_blocked, id=9516, stack(0x000000b85e400000,0x000000b85e500000)]
  0x000001dc4ab8d800 JavaThread "Unconstrained build operations Thread 38" [_thread_blocked, id=328, stack(0x000000b85e500000,0x000000b85e600000)]
  0x000001dc4ab94000 JavaThread "Unconstrained build operations Thread 39" [_thread_blocked, id=8304, stack(0x000000b85e600000,0x000000b85e700000)]
  0x000001dc4ab8e000 JavaThread "Unconstrained build operations Thread 40" [_thread_blocked, id=3104, stack(0x000000b85e700000,0x000000b85e800000)]
  0x000001dc4ab99800 JavaThread "Memory manager" [_thread_blocked, id=7792, stack(0x000000b85ad00000,0x000000b85ae00000)]
  0x000001dc4ab96800 JavaThread "build event listener" [_thread_blocked, id=10436, stack(0x000000b85e800000,0x000000b85e900000)]

Other Threads:
  0x000001dc478b7800 VMThread "VM Thread" [stack: 0x000000b859700000,0x000000b859800000] [id=14540]
  0x000001dc48307800 WatcherThread [stack: 0x000000b85a100000,0x000000b85a200000] [id=3616]
  0x000001dc2d07d000 GCTaskThread "GC Thread#0" [stack: 0x000000b859200000,0x000000b859300000] [id=9728]
=>0x000001dc48e70800 GCTaskThread "GC Thread#1" [stack: 0x000000b85a300000,0x000000b85a400000] [id=1564]
  0x000001dc48910800 GCTaskThread "GC Thread#2" [stack: 0x000000b85a400000,0x000000b85a500000] [id=15256]
  0x000001dc48e43800 GCTaskThread "GC Thread#3" [stack: 0x000000b85a500000,0x000000b85a600000] [id=348]
  0x000001dc2d0a4800 ConcurrentGCThread "G1 Main Marker" [stack: 0x000000b859300000,0x000000b859400000] [id=7368]
  0x000001dc2d0a5800 ConcurrentGCThread "G1 Conc#0" [stack: 0x000000b859400000,0x000000b859500000] [id=12752]
  0x000001dc47718800 ConcurrentGCThread "G1 Refine#0" [stack: 0x000000b859500000,0x000000b859600000] [id=10928]
  0x000001dc47719800 ConcurrentGCThread "G1 Young RemSet Sampling" [stack: 0x000000b859600000,0x000000b859700000] [id=3544]

Threads with active compile tasks:

VM state:at safepoint (normal execution)

VM Mutex/Monitor currently owned by a thread:  ([mutex/lock_event])
[0x000001dc2d05ffa0] Threads_lock - owner thread: 0x000001dc478b7800
[0x000001dc2d0600c0] Heap_lock - owner thread: 0x000001dc4871e800

Heap address: 0x00000000a0000000, size: 1536 MB, Compressed Oops mode: 32-bit
Narrow klass base: 0x0000000000000000, Narrow klass shift: 3
Compressed class space size: 1073741824 Address: 0x0000000100000000

Heap:
 garbage-first heap   total 196608K, used 151279K [0x00000000a0000000, 0x0000000100000000)
  region size 1024K, 76 young (77824K), 4 survivors (4096K)
 Metaspace       used 80946K, capacity 83228K, committed 83368K, reserved 1122304K
  class space    used 10634K, capacity 11489K, committed 11596K, reserved 1048576K
Heap Regions: E=young(eden), S=young(survivor), O=old, HS=humongous(starts), HC=humongous(continues), CS=collection set, F=free, A=archive, TAMS=top-at-mark-start (previous, next)
|   0|0x00000000a0000000, 0x00000000a0100000, 0x00000000a0100000|100%|HS|  |TAMS 0x00000000a0100000, 0x00000000a0000000| Complete 
|   1|0x00000000a0100000, 0x00000000a0200000, 0x00000000a0200000|100%|HC|  |TAMS 0x00000000a0200000, 0x00000000a0100000| Complete 
|   2|0x00000000a0200000, 0x00000000a0300000, 0x00000000a0300000|100%|HC|  |TAMS 0x00000000a0300000, 0x00000000a0200000| Complete 
|   3|0x00000000a0300000, 0x00000000a0400000, 0x00000000a0400000|100%| O|  |TAMS 0x00000000a0400000, 0x00000000a0300000| Untracked 
|   4|0x00000000a0400000, 0x00000000a0500000, 0x00000000a0500000|100%| O|  |TAMS 0x00000000a0500000, 0x00000000a0400000| Untracked 
|   5|0x00000000a0500000, 0x00000000a0600000, 0x00000000a0600000|100%| O|  |TAMS 0x00000000a0600000, 0x00000000a0500000| Untracked 
|   6|0x00000000a0600000, 0x00000000a0700000, 0x00000000a0700000|100%| O|  |TAMS 0x00000000a0700000, 0x00000000a0600000| Untracked 
|   7|0x00000000a0700000, 0x00000000a0800000, 0x00000000a0800000|100%| O|  |TAMS 0x00000000a0800000, 0x00000000a0700000| Untracked 
|   8|0x00000000a0800000, 0x00000000a0900000, 0x00000000a0900000|100%| O|  |TAMS 0x00000000a0900000, 0x00000000a0800000| Untracked 
|   9|0x00000000a0900000, 0x00000000a0a00000, 0x00000000a0a00000|100%| O|  |TAMS 0x00000000a0a00000, 0x00000000a0900000| Untracked 
|  10|0x00000000a0a00000, 0x00000000a0b00000, 0x00000000a0b00000|100%| O|  |TAMS 0x00000000a0b00000, 0x00000000a0a00000| Untracked 
|  11|0x00000000a0b00000, 0x00000000a0c00000, 0x00000000a0c00000|100%| O|  |TAMS 0x00000000a0c00000, 0x00000000a0b00000| Untracked 
|  12|0x00000000a0c00000, 0x00000000a0d00000, 0x00000000a0d00000|100%| O|  |TAMS 0x00000000a0d00000, 0x00000000a0c00000| Untracked 
|  13|0x00000000a0d00000, 0x00000000a0e00000, 0x00000000a0e00000|100%| O|  |TAMS 0x00000000a0e00000, 0x00000000a0d00000| Untracked 
|  14|0x00000000a0e00000, 0x00000000a0f00000, 0x00000000a0f00000|100%| O|  |TAMS 0x00000000a0f00000, 0x00000000a0e00000| Untracked 
|  15|0x00000000a0f00000, 0x00000000a1000000, 0x00000000a1000000|100%| O|  |TAMS 0x00000000a1000000, 0x00000000a0f00000| Untracked 
|  16|0x00000000a1000000, 0x00000000a1100000, 0x00000000a1100000|100%| O|  |TAMS 0x00000000a1100000, 0x00000000a1000000| Untracked 
|  17|0x00000000a1100000, 0x00000000a1200000, 0x00000000a1200000|100%|HS|  |TAMS 0x00000000a1200000, 0x00000000a1100000| Complete 
|  18|0x00000000a1200000, 0x00000000a1300000, 0x00000000a1300000|100%| O|  |TAMS 0x00000000a1300000, 0x00000000a1200000| Untracked 
|  19|0x00000000a1300000, 0x00000000a1400000, 0x00000000a1400000|100%| O|  |TAMS 0x00000000a1400000, 0x00000000a1300000| Untracked 
|  20|0x00000000a1400000, 0x00000000a1500000, 0x00000000a1500000|100%| O|  |TAMS 0x00000000a1500000, 0x00000000a1400000| Untracked 
|  21|0x00000000a1500000, 0x00000000a1600000, 0x00000000a1600000|100%| O|  |TAMS 0x00000000a1600000, 0x00000000a1500000| Untracked 
|  22|0x00000000a1600000, 0x00000000a1700000, 0x00000000a1700000|100%| O|  |TAMS 0x00000000a1700000, 0x00000000a1600000| Untracked 
|  23|0x00000000a1700000, 0x00000000a1800000, 0x00000000a1800000|100%|HS|  |TAMS 0x00000000a1800000, 0x00000000a1700000| Complete 
|  24|0x00000000a1800000, 0x00000000a1900000, 0x00000000a1900000|100%|HS|  |TAMS 0x00000000a1900000, 0x00000000a1800000| Complete 
|  25|0x00000000a1900000, 0x00000000a1a00000, 0x00000000a1a00000|100%|HS|  |TAMS 0x00000000a1a00000, 0x00000000a1900000| Complete 
|  26|0x00000000a1a00000, 0x00000000a1b00000, 0x00000000a1b00000|100%|HS|  |TAMS 0x00000000a1b00000, 0x00000000a1a00000| Complete 
|  27|0x00000000a1b00000, 0x00000000a1c00000, 0x00000000a1c00000|100%|HC|  |TAMS 0x00000000a1c00000, 0x00000000a1b00000| Complete 
|  28|0x00000000a1c00000, 0x00000000a1d00000, 0x00000000a1d00000|100%|HC|  |TAMS 0x00000000a1d00000, 0x00000000a1c00000| Complete 
|  29|0x00000000a1d00000, 0x00000000a1e00000, 0x00000000a1e00000|100%|HS|  |TAMS 0x00000000a1e00000, 0x00000000a1d00000| Complete 
|  30|0x00000000a1e00000, 0x00000000a1f00000, 0x00000000a1f00000|100%|HC|  |TAMS 0x00000000a1f00000, 0x00000000a1e00000| Complete 
|  31|0x00000000a1f00000, 0x00000000a2000000, 0x00000000a2000000|100%| O|  |TAMS 0x00000000a2000000, 0x00000000a1f00000| Untracked 
|  32|0x00000000a2000000, 0x00000000a2100000, 0x00000000a2100000|100%| O|  |TAMS 0x00000000a2100000, 0x00000000a2000000| Untracked 
|  33|0x00000000a2100000, 0x00000000a2200000, 0x00000000a2200000|100%| O|  |TAMS 0x00000000a2200000, 0x00000000a2100000| Untracked 
|  34|0x00000000a2200000, 0x00000000a2300000, 0x00000000a2300000|100%| O|  |TAMS 0x00000000a2300000, 0x00000000a2200000| Untracked 
|  35|0x00000000a2300000, 0x00000000a2400000, 0x00000000a2400000|100%| O|  |TAMS 0x00000000a2400000, 0x00000000a2300000| Untracked 
|  36|0x00000000a2400000, 0x00000000a2500000, 0x00000000a2500000|100%| O|  |TAMS 0x00000000a2500000, 0x00000000a2400000| Untracked 
|  37|0x00000000a2500000, 0x00000000a2600000, 0x00000000a2600000|100%| O|  |TAMS 0x00000000a2600000, 0x00000000a2500000| Untracked 
|  38|0x00000000a2600000, 0x00000000a2700000, 0x00000000a2700000|100%| O|  |TAMS 0x00000000a2700000, 0x00000000a2600000| Untracked 
|  39|0x00000000a2700000, 0x00000000a2800000, 0x00000000a2800000|100%| O|  |TAMS 0x00000000a2800000, 0x00000000a2700000| Untracked 
|  40|0x00000000a2800000, 0x00000000a2900000, 0x00000000a2900000|100%| O|  |TAMS 0x00000000a2900000, 0x00000000a2800000| Untracked 
|  41|0x00000000a2900000, 0x00000000a2a00000, 0x00000000a2a00000|100%| O|  |TAMS 0x00000000a2a00000, 0x00000000a2900000| Untracked 
|  42|0x00000000a2a00000, 0x00000000a2b00000, 0x00000000a2b00000|100%| O|  |TAMS 0x00000000a2b00000, 0x00000000a2a00000| Untracked 
|  43|0x00000000a2b00000, 0x00000000a2c00000, 0x00000000a2c00000|100%| O|  |TAMS 0x00000000a2c00000, 0x00000000a2b00000| Untracked 
|  44|0x00000000a2c00000, 0x00000000a2d00000, 0x00000000a2d00000|100%| O|  |TAMS 0x00000000a2d00000, 0x00000000a2c00000| Untracked 
|  45|0x00000000a2d00000, 0x00000000a2e00000, 0x00000000a2e00000|100%| O|  |TAMS 0x00000000a2e00000, 0x00000000a2d00000| Untracked 
|  46|0x00000000a2e00000, 0x00000000a2f00000, 0x00000000a2f00000|100%| O|  |TAMS 0x00000000a2ec5200, 0x00000000a2e00000| Untracked 
|  47|0x00000000a2f00000, 0x00000000a3000000, 0x00000000a3000000|100%|HS|  |TAMS 0x00000000a2f00000, 0x00000000a2f00000| Complete 
|  48|0x00000000a3000000, 0x00000000a3100000, 0x00000000a3100000|100%|HS|  |TAMS 0x00000000a3000000, 0x00000000a3000000| Complete 
|  49|0x00000000a3100000, 0x00000000a3200000, 0x00000000a3200000|100%|HC|  |TAMS 0x00000000a3100000, 0x00000000a3100000| Complete 
|  50|0x00000000a3200000, 0x00000000a3300000, 0x00000000a3300000|100%| O|  |TAMS 0x00000000a3200000, 0x00000000a3200000| Untracked 
|  51|0x00000000a3300000, 0x00000000a3400000, 0x00000000a3400000|100%| O|  |TAMS 0x00000000a3300000, 0x00000000a3300000| Untracked 
|  52|0x00000000a3400000, 0x00000000a3500000, 0x00000000a3500000|100%| O|  |TAMS 0x00000000a3400000, 0x00000000a3400000| Untracked 
|  53|0x00000000a3500000, 0x00000000a3600000, 0x00000000a3600000|100%| O|  |TAMS 0x00000000a3500000, 0x00000000a3500000| Untracked 
|  54|0x00000000a3600000, 0x00000000a3700000, 0x00000000a3700000|100%| O|  |TAMS 0x00000000a3600000, 0x00000000a3600000| Untracked 
|  55|0x00000000a3700000, 0x00000000a3800000, 0x00000000a3800000|100%| O|  |TAMS 0x00000000a3700000, 0x00000000a3700000| Untracked 
|  56|0x00000000a3800000, 0x00000000a3900000, 0x00000000a3900000|100%| O|  |TAMS 0x00000000a3800000, 0x00000000a3800000| Untracked 
|  57|0x00000000a3900000, 0x00000000a3a00000, 0x00000000a3a00000|100%| O|  |TAMS 0x00000000a3900000, 0x00000000a3900000| Untracked 
|  58|0x00000000a3a00000, 0x00000000a3b00000, 0x00000000a3b00000|100%| O|  |TAMS 0x00000000a3a00000, 0x00000000a3a00000| Untracked 
|  59|0x00000000a3b00000, 0x00000000a3c00000, 0x00000000a3c00000|100%| O|  |TAMS 0x00000000a3b00000, 0x00000000a3b00000| Untracked 
|  60|0x00000000a3c00000, 0x00000000a3d00000, 0x00000000a3d00000|100%| O|  |TAMS 0x00000000a3c00000, 0x00000000a3c00000| Untracked 
|  61|0x00000000a3d00000, 0x00000000a3e00000, 0x00000000a3e00000|100%| O|  |TAMS 0x00000000a3d00000, 0x00000000a3d00000| Untracked 
|  62|0x00000000a3e00000, 0x00000000a3f00000, 0x00000000a3f00000|100%| O|  |TAMS 0x00000000a3e00000, 0x00000000a3e00000| Untracked 
|  63|0x00000000a3f00000, 0x00000000a4000000, 0x00000000a4000000|100%| O|  |TAMS 0x00000000a3f00000, 0x00000000a3f00000| Untracked 
|  64|0x00000000a4000000, 0x00000000a4100000, 0x00000000a4100000|100%| O|  |TAMS 0x00000000a4000000, 0x00000000a4000000| Untracked 
|  65|0x00000000a4100000, 0x00000000a4200000, 0x00000000a4200000|100%| O|  |TAMS 0x00000000a4100000, 0x00000000a4100000| Untracked 
|  66|0x00000000a4200000, 0x00000000a4300000, 0x00000000a4300000|100%| O|  |TAMS 0x00000000a4200000, 0x00000000a4200000| Untracked 
|  67|0x00000000a4300000, 0x00000000a4400000, 0x00000000a4400000|100%| O|  |TAMS 0x00000000a4300000, 0x00000000a4300000| Untracked 
|  68|0x00000000a4400000, 0x00000000a4400000, 0x00000000a4500000|  0%| F|  |TAMS 0x00000000a4400000, 0x00000000a4400000| Untracked 
|  69|0x00000000a4500000, 0x00000000a4500000, 0x00000000a4600000|  0%| F|  |TAMS 0x00000000a4500000, 0x00000000a4500000| Untracked 
|  70|0x00000000a4600000, 0x00000000a4600000, 0x00000000a4700000|  0%| F|  |TAMS 0x00000000a4600000, 0x00000000a4600000| Untracked 
|  71|0x00000000a4700000, 0x00000000a4700000, 0x00000000a4800000|  0%| F|  |TAMS 0x00000000a4700000, 0x00000000a4700000| Untracked 
|  72|0x00000000a4800000, 0x00000000a4800000, 0x00000000a4900000|  0%| F|  |TAMS 0x00000000a4800000, 0x00000000a4800000| Untracked 
|  73|0x00000000a4900000, 0x00000000a4900000, 0x00000000a4a00000|  0%| F|  |TAMS 0x00000000a4900000, 0x00000000a4900000| Untracked 
|  74|0x00000000a4a00000, 0x00000000a4a00000, 0x00000000a4b00000|  0%| F|  |TAMS 0x00000000a4a00000, 0x00000000a4a00000| Untracked 
|  75|0x00000000a4b00000, 0x00000000a4b00000, 0x00000000a4c00000|  0%| F|  |TAMS 0x00000000a4b00000, 0x00000000a4b00000| Untracked 
|  76|0x00000000a4c00000, 0x00000000a4c00000, 0x00000000a4d00000|  0%| F|  |TAMS 0x00000000a4c00000, 0x00000000a4c00000| Untracked 
|  77|0x00000000a4d00000, 0x00000000a4d00000, 0x00000000a4e00000|  0%| F|  |TAMS 0x00000000a4d00000, 0x00000000a4d00000| Untracked 
|  78|0x00000000a4e00000, 0x00000000a4e00000, 0x00000000a4f00000|  0%| F|  |TAMS 0x00000000a4e00000, 0x00000000a4e00000| Untracked 
|  79|0x00000000a4f00000, 0x00000000a4f00000, 0x00000000a5000000|  0%| F|  |TAMS 0x00000000a4f00000, 0x00000000a4f00000| Untracked 
|  80|0x00000000a5000000, 0x00000000a5000000, 0x00000000a5100000|  0%| F|  |TAMS 0x00000000a5000000, 0x00000000a5000000| Untracked 
|  81|0x00000000a5100000, 0x00000000a5100000, 0x00000000a5200000|  0%| F|  |TAMS 0x00000000a5100000, 0x00000000a5100000| Untracked 
|  82|0x00000000a5200000, 0x00000000a5200000, 0x00000000a5300000|  0%| F|  |TAMS 0x00000000a5200000, 0x00000000a5200000| Untracked 
|  83|0x00000000a5300000, 0x00000000a5300000, 0x00000000a5400000|  0%| F|  |TAMS 0x00000000a5300000, 0x00000000a5300000| Untracked 
|  84|0x00000000a5400000, 0x00000000a5400000, 0x00000000a5500000|  0%| F|  |TAMS 0x00000000a5400000, 0x00000000a5400000| Untracked 
|  85|0x00000000a5500000, 0x00000000a5500000, 0x00000000a5600000|  0%| F|  |TAMS 0x00000000a5500000, 0x00000000a5500000| Untracked 
|  86|0x00000000a5600000, 0x00000000a5600000, 0x00000000a5700000|  0%| F|  |TAMS 0x00000000a5600000, 0x00000000a5600000| Untracked 
|  87|0x00000000a5700000, 0x00000000a5700000, 0x00000000a5800000|  0%| F|  |TAMS 0x00000000a5700000, 0x00000000a5700000| Untracked 
|  88|0x00000000a5800000, 0x00000000a5800000, 0x00000000a5900000|  0%| F|  |TAMS 0x00000000a5800000, 0x00000000a5800000| Untracked 
|  89|0x00000000a5900000, 0x00000000a5900000, 0x00000000a5a00000|  0%| F|  |TAMS 0x00000000a5900000, 0x00000000a5900000| Untracked 
|  90|0x00000000a5a00000, 0x00000000a5a00000, 0x00000000a5b00000|  0%| F|  |TAMS 0x00000000a5a00000, 0x00000000a5a00000| Untracked 
|  91|0x00000000a5b00000, 0x00000000a5b00000, 0x00000000a5c00000|  0%| F|  |TAMS 0x00000000a5b00000, 0x00000000a5b00000| Untracked 
|  92|0x00000000a5c00000, 0x00000000a5c00000, 0x00000000a5d00000|  0%| F|  |TAMS 0x00000000a5c00000, 0x00000000a5c00000| Untracked 
|  93|0x00000000a5d00000, 0x00000000a5d00000, 0x00000000a5e00000|  0%| F|  |TAMS 0x00000000a5d00000, 0x00000000a5d00000| Untracked 
|  94|0x00000000a5e00000, 0x00000000a5e00000, 0x00000000a5f00000|  0%| F|  |TAMS 0x00000000a5e00000, 0x00000000a5e00000| Untracked 
|  95|0x00000000a5f00000, 0x00000000a5f00000, 0x00000000a6000000|  0%| F|  |TAMS 0x00000000a5f00000, 0x00000000a5f00000| Untracked 
|  96|0x00000000a6000000, 0x00000000a6000000, 0x00000000a6100000|  0%| F|  |TAMS 0x00000000a6000000, 0x00000000a6000000| Untracked 
|  97|0x00000000a6100000, 0x00000000a6100000, 0x00000000a6200000|  0%| F|  |TAMS 0x00000000a6100000, 0x00000000a6100000| Untracked 
|  98|0x00000000a6200000, 0x00000000a6200000, 0x00000000a6300000|  0%| F|  |TAMS 0x00000000a6200000, 0x00000000a6200000| Untracked 
|  99|0x00000000a6300000, 0x00000000a6300000, 0x00000000a6400000|  0%| F|  |TAMS 0x00000000a6300000, 0x00000000a6300000| Untracked 
| 100|0x00000000a6400000, 0x00000000a6400000, 0x00000000a6500000|  0%| F|  |TAMS 0x00000000a6400000, 0x00000000a6400000| Untracked 
| 101|0x00000000a6500000, 0x00000000a6500000, 0x00000000a6600000|  0%| F|  |TAMS 0x00000000a6500000, 0x00000000a6500000| Untracked 
| 102|0x00000000a6600000, 0x00000000a6600000, 0x00000000a6700000|  0%| F|  |TAMS 0x00000000a6600000, 0x00000000a6600000| Untracked 
| 103|0x00000000a6700000, 0x00000000a6800000, 0x00000000a6800000|100%| E|CS|TAMS 0x00000000a6700000, 0x00000000a6700000| Complete 
| 104|0x00000000a6800000, 0x00000000a6900000, 0x00000000a6900000|100%| E|CS|TAMS 0x00000000a6800000, 0x00000000a6800000| Complete 
| 105|0x00000000a6900000, 0x00000000a6a00000, 0x00000000a6a00000|100%| E|CS|TAMS 0x00000000a6900000, 0x00000000a6900000| Complete 
| 106|0x00000000a6a00000, 0x00000000a6b00000, 0x00000000a6b00000|100%| E|CS|TAMS 0x00000000a6a00000, 0x00000000a6a00000| Complete 
| 107|0x00000000a6b00000, 0x00000000a6c00000, 0x00000000a6c00000|100%| E|CS|TAMS 0x00000000a6b00000, 0x00000000a6b00000| Complete 
| 108|0x00000000a6c00000, 0x00000000a6d00000, 0x00000000a6d00000|100%| E|CS|TAMS 0x00000000a6c00000, 0x00000000a6c00000| Complete 
| 109|0x00000000a6d00000, 0x00000000a6d00000, 0x00000000a6e00000|  0%| F|  |TAMS 0x00000000a6d00000, 0x00000000a6d00000| Untracked 
| 110|0x00000000a6e00000, 0x00000000a6e00000, 0x00000000a6f00000|  0%| F|  |TAMS 0x00000000a6e00000, 0x00000000a6e00000| Untracked 
| 111|0x00000000a6f00000, 0x00000000a7000000, 0x00000000a7000000|100%| E|CS|TAMS 0x00000000a6f00000, 0x00000000a6f00000| Complete 
| 112|0x00000000a7000000, 0x00000000a7100000, 0x00000000a7100000|100%| E|CS|TAMS 0x00000000a7000000, 0x00000000a7000000| Complete 
| 113|0x00000000a7100000, 0x00000000a7100000, 0x00000000a7200000|  0%| F|  |TAMS 0x00000000a7100000, 0x00000000a7100000| Untracked 
| 114|0x00000000a7200000, 0x00000000a7300000, 0x00000000a7300000|100%| S|  |TAMS 0x00000000a7200000, 0x00000000a7200000| Complete 
| 115|0x00000000a7300000, 0x00000000a7400000, 0x00000000a7400000|100%| S|  |TAMS 0x00000000a7300000, 0x00000000a7300000| Complete 
| 116|0x00000000a7400000, 0x00000000a7500000, 0x00000000a7500000|100%| S|  |TAMS 0x00000000a7400000, 0x00000000a7400000| Complete 
| 117|0x00000000a7500000, 0x00000000a7600000, 0x00000000a7600000|100%| E|CS|TAMS 0x00000000a7500000, 0x00000000a7500000| Complete 
| 118|0x00000000a7600000, 0x00000000a7700000, 0x00000000a7700000|100%| E|CS|TAMS 0x00000000a7600000, 0x00000000a7600000| Complete 
| 119|0x00000000a7700000, 0x00000000a7800000, 0x00000000a7800000|100%| S|  |TAMS 0x00000000a7700000, 0x00000000a7700000| Complete 
| 120|0x00000000a7800000, 0x00000000a7900000, 0x00000000a7900000|100%| E|CS|TAMS 0x00000000a7800000, 0x00000000a7800000| Complete 
| 121|0x00000000a7900000, 0x00000000a7a00000, 0x00000000a7a00000|100%| E|CS|TAMS 0x00000000a7900000, 0x00000000a7900000| Complete 
| 122|0x00000000a7a00000, 0x00000000a7b00000, 0x00000000a7b00000|100%| E|CS|TAMS 0x00000000a7a00000, 0x00000000a7a00000| Complete 
| 123|0x00000000a7b00000, 0x00000000a7c00000, 0x00000000a7c00000|100%| E|CS|TAMS 0x00000000a7b00000, 0x00000000a7b00000| Complete 
| 124|0x00000000a7c00000, 0x00000000a7d00000, 0x00000000a7d00000|100%| E|CS|TAMS 0x00000000a7c00000, 0x00000000a7c00000| Complete 
| 125|0x00000000a7d00000, 0x00000000a7e00000, 0x00000000a7e00000|100%| E|CS|TAMS 0x00000000a7d00000, 0x00000000a7d00000| Complete 
| 126|0x00000000a7e00000, 0x00000000a7f00000, 0x00000000a7f00000|100%| E|CS|TAMS 0x00000000a7e00000, 0x00000000a7e00000| Complete 
| 127|0x00000000a7f00000, 0x00000000a8000000, 0x00000000a8000000|100%| E|CS|TAMS 0x00000000a7f00000, 0x00000000a7f00000| Complete 
| 128|0x00000000a8000000, 0x00000000a8100000, 0x00000000a8100000|100%| E|CS|TAMS 0x00000000a8000000, 0x00000000a8000000| Complete 
| 129|0x00000000a8100000, 0x00000000a8200000, 0x00000000a8200000|100%| E|CS|TAMS 0x00000000a8100000, 0x00000000a8100000| Complete 
| 130|0x00000000a8200000, 0x00000000a8300000, 0x00000000a8300000|100%| E|CS|TAMS 0x00000000a8200000, 0x00000000a8200000| Complete 
| 131|0x00000000a8300000, 0x00000000a8400000, 0x00000000a8400000|100%| E|CS|TAMS 0x00000000a8300000, 0x00000000a8300000| Complete 
| 132|0x00000000a8400000, 0x00000000a8500000, 0x00000000a8500000|100%| E|CS|TAMS 0x00000000a8400000, 0x00000000a8400000| Complete 
| 133|0x00000000a8500000, 0x00000000a8600000, 0x00000000a8600000|100%| E|CS|TAMS 0x00000000a8500000, 0x00000000a8500000| Complete 
| 134|0x00000000a8600000, 0x00000000a8700000, 0x00000000a8700000|100%| E|CS|TAMS 0x00000000a8600000, 0x00000000a8600000| Complete 
| 135|0x00000000a8700000, 0x00000000a8800000, 0x00000000a8800000|100%| E|CS|TAMS 0x00000000a8700000, 0x00000000a8700000| Complete 
| 136|0x00000000a8800000, 0x00000000a8900000, 0x00000000a8900000|100%| E|CS|TAMS 0x00000000a8800000, 0x00000000a8800000| Complete 
| 137|0x00000000a8900000, 0x00000000a8a00000, 0x00000000a8a00000|100%| E|CS|TAMS 0x00000000a8900000, 0x00000000a8900000| Complete 
| 138|0x00000000a8a00000, 0x00000000a8b00000, 0x00000000a8b00000|100%| E|CS|TAMS 0x00000000a8a00000, 0x00000000a8a00000| Complete 
| 139|0x00000000a8b00000, 0x00000000a8c00000, 0x00000000a8c00000|100%| E|CS|TAMS 0x00000000a8b00000, 0x00000000a8b00000| Complete 
| 140|0x00000000a8c00000, 0x00000000a8d00000, 0x00000000a8d00000|100%| E|CS|TAMS 0x00000000a8c00000, 0x00000000a8c00000| Complete 
| 141|0x00000000a8d00000, 0x00000000a8e00000, 0x00000000a8e00000|100%| E|CS|TAMS 0x00000000a8d00000, 0x00000000a8d00000| Complete 
| 142|0x00000000a8e00000, 0x00000000a8f00000, 0x00000000a8f00000|100%| E|CS|TAMS 0x00000000a8e00000, 0x00000000a8e00000| Complete 
| 143|0x00000000a8f00000, 0x00000000a9000000, 0x00000000a9000000|100%| E|CS|TAMS 0x00000000a8f00000, 0x00000000a8f00000| Complete 
| 144|0x00000000a9000000, 0x00000000a9100000, 0x00000000a9100000|100%| E|CS|TAMS 0x00000000a9000000, 0x00000000a9000000| Complete 
| 145|0x00000000a9100000, 0x00000000a9200000, 0x00000000a9200000|100%| E|CS|TAMS 0x00000000a9100000, 0x00000000a9100000| Complete 
| 146|0x00000000a9200000, 0x00000000a9300000, 0x00000000a9300000|100%| E|CS|TAMS 0x00000000a9200000, 0x00000000a9200000| Complete 
| 147|0x00000000a9300000, 0x00000000a9400000, 0x00000000a9400000|100%| E|CS|TAMS 0x00000000a9300000, 0x00000000a9300000| Complete 
| 148|0x00000000a9400000, 0x00000000a9500000, 0x00000000a9500000|100%| E|CS|TAMS 0x00000000a9400000, 0x00000000a9400000| Complete 
| 149|0x00000000a9500000, 0x00000000a9600000, 0x00000000a9600000|100%| E|CS|TAMS 0x00000000a9500000, 0x00000000a9500000| Complete 
| 150|0x00000000a9600000, 0x00000000a9700000, 0x00000000a9700000|100%| E|CS|TAMS 0x00000000a9600000, 0x00000000a9600000| Complete 
| 151|0x00000000a9700000, 0x00000000a9800000, 0x00000000a9800000|100%| E|CS|TAMS 0x00000000a9700000, 0x00000000a9700000| Complete 
| 152|0x00000000a9800000, 0x00000000a9900000, 0x00000000a9900000|100%| E|CS|TAMS 0x00000000a9800000, 0x00000000a9800000| Complete 
| 153|0x00000000a9900000, 0x00000000a9a00000, 0x00000000a9a00000|100%| E|CS|TAMS 0x00000000a9900000, 0x00000000a9900000| Complete 
| 154|0x00000000a9a00000, 0x00000000a9b00000, 0x00000000a9b00000|100%| E|CS|TAMS 0x00000000a9a00000, 0x00000000a9a00000| Complete 
| 155|0x00000000a9b00000, 0x00000000a9c00000, 0x00000000a9c00000|100%| E|CS|TAMS 0x00000000a9b00000, 0x00000000a9b00000| Complete 
| 156|0x00000000a9c00000, 0x00000000a9d00000, 0x00000000a9d00000|100%| E|CS|TAMS 0x00000000a9c00000, 0x00000000a9c00000| Complete 
| 157|0x00000000a9d00000, 0x00000000a9e00000, 0x00000000a9e00000|100%| E|CS|TAMS 0x00000000a9d00000, 0x00000000a9d00000| Complete 
| 158|0x00000000a9e00000, 0x00000000a9f00000, 0x00000000a9f00000|100%| E|CS|TAMS 0x00000000a9e00000, 0x00000000a9e00000| Complete 
| 159|0x00000000a9f00000, 0x00000000aa000000, 0x00000000aa000000|100%| E|CS|TAMS 0x00000000a9f00000, 0x00000000a9f00000| Complete 
| 160|0x00000000aa000000, 0x00000000aa100000, 0x00000000aa100000|100%| E|CS|TAMS 0x00000000aa000000, 0x00000000aa000000| Complete 
| 161|0x00000000aa100000, 0x00000000aa200000, 0x00000000aa200000|100%| E|CS|TAMS 0x00000000aa100000, 0x00000000aa100000| Complete 
| 162|0x00000000aa200000, 0x00000000aa300000, 0x00000000aa300000|100%| E|CS|TAMS 0x00000000aa200000, 0x00000000aa200000| Complete 
| 163|0x00000000aa300000, 0x00000000aa400000, 0x00000000aa400000|100%| E|CS|TAMS 0x00000000aa300000, 0x00000000aa300000| Complete 
| 164|0x00000000aa400000, 0x00000000aa500000, 0x00000000aa500000|100%| E|CS|TAMS 0x00000000aa400000, 0x00000000aa400000| Complete 
| 165|0x00000000aa500000, 0x00000000aa600000, 0x00000000aa600000|100%| E|CS|TAMS 0x00000000aa500000, 0x00000000aa500000| Complete 
| 166|0x00000000aa600000, 0x00000000aa700000, 0x00000000aa700000|100%| E|CS|TAMS 0x00000000aa600000, 0x00000000aa600000| Complete 
| 167|0x00000000aa700000, 0x00000000aa800000, 0x00000000aa800000|100%| E|CS|TAMS 0x00000000aa700000, 0x00000000aa700000| Complete 
| 168|0x00000000aa800000, 0x00000000aa900000, 0x00000000aa900000|100%| E|CS|TAMS 0x00000000aa800000, 0x00000000aa800000| Complete 
| 169|0x00000000aa900000, 0x00000000aaa00000, 0x00000000aaa00000|100%| E|CS|TAMS 0x00000000aa900000, 0x00000000aa900000| Complete 
| 170|0x00000000aaa00000, 0x00000000aab00000, 0x00000000aab00000|100%| E|CS|TAMS 0x00000000aaa00000, 0x00000000aaa00000| Complete 
| 171|0x00000000aab00000, 0x00000000aac00000, 0x00000000aac00000|100%| E|CS|TAMS 0x00000000aab00000, 0x00000000aab00000| Complete 
| 172|0x00000000aac00000, 0x00000000aad00000, 0x00000000aad00000|100%| E|CS|TAMS 0x00000000aac00000, 0x00000000aac00000| Complete 
| 173|0x00000000aad00000, 0x00000000aae00000, 0x00000000aae00000|100%| E|CS|TAMS 0x00000000aad00000, 0x00000000aad00000| Complete 
| 174|0x00000000aae00000, 0x00000000aaf00000, 0x00000000aaf00000|100%| E|CS|TAMS 0x00000000aae00000, 0x00000000aae00000| Complete 
| 175|0x00000000aaf00000, 0x00000000ab000000, 0x00000000ab000000|100%| E|CS|TAMS 0x00000000aaf00000, 0x00000000aaf00000| Complete 
| 176|0x00000000ab000000, 0x00000000ab100000, 0x00000000ab100000|100%| E|CS|TAMS 0x00000000ab000000, 0x00000000ab000000| Complete 
| 177|0x00000000ab100000, 0x00000000ab200000, 0x00000000ab200000|100%| E|CS|TAMS 0x00000000ab100000, 0x00000000ab100000| Complete 
| 178|0x00000000ab200000, 0x00000000ab300000, 0x00000000ab300000|100%| E|CS|TAMS 0x00000000ab200000, 0x00000000ab200000| Complete 
| 179|0x00000000ab300000, 0x00000000ab400000, 0x00000000ab400000|100%| E|CS|TAMS 0x00000000ab300000, 0x00000000ab300000| Complete 
| 180|0x00000000ab400000, 0x00000000ab500000, 0x00000000ab500000|100%| E|CS|TAMS 0x00000000ab400000, 0x00000000ab400000| Complete 
| 181|0x00000000ab500000, 0x00000000ab600000, 0x00000000ab600000|100%| E|CS|TAMS 0x00000000ab500000, 0x00000000ab500000| Complete 
| 182|0x00000000ab600000, 0x00000000ab700000, 0x00000000ab700000|100%| E|CS|TAMS 0x00000000ab600000, 0x00000000ab600000| Complete 
| 183|0x00000000ab700000, 0x00000000ab800000, 0x00000000ab800000|100%| E|CS|TAMS 0x00000000ab700000, 0x00000000ab700000| Complete 
| 184|0x00000000ab800000, 0x00000000ab900000, 0x00000000ab900000|100%| E|CS|TAMS 0x00000000ab800000, 0x00000000ab800000| Complete 
| 185|0x00000000ab900000, 0x00000000aba00000, 0x00000000aba00000|100%| E|CS|TAMS 0x00000000ab900000, 0x00000000ab900000| Complete 
| 186|0x00000000aba00000, 0x00000000abb00000, 0x00000000abb00000|100%| E|CS|TAMS 0x00000000aba00000, 0x00000000aba00000| Complete 
| 187|0x00000000abb00000, 0x00000000abc00000, 0x00000000abc00000|100%| E|CS|TAMS 0x00000000abb00000, 0x00000000abb00000| Complete 
| 188|0x00000000abc00000, 0x00000000abd00000, 0x00000000abd00000|100%| E|CS|TAMS 0x00000000abc00000, 0x00000000abc00000| Complete 
| 189|0x00000000abd00000, 0x00000000abe00000, 0x00000000abe00000|100%| E|CS|TAMS 0x00000000abd00000, 0x00000000abd00000| Complete 
| 190|0x00000000abe00000, 0x00000000abf00000, 0x00000000abf00000|100%| E|CS|TAMS 0x00000000abe00000, 0x00000000abe00000| Complete 
| 191|0x00000000abf00000, 0x00000000ac000000, 0x00000000ac000000|100%| E|CS|TAMS 0x00000000abf00000, 0x00000000abf00000| Complete 

Card table byte_map: [0x000001dc41c70000,0x000001dc41f70000] _byte_map_base: 0x000001dc41770000

Marking Bits (Prev, Next): (CMBitMap*) 0x000001dc2d09d718, (CMBitMap*) 0x000001dc2d09d750
 Prev Bits: [0x000001dc42270000, 0x000001dc43a70000)
 Next Bits: [0x000001dc43a70000, 0x000001dc45270000)

Polling page: 0x000001dc2d140000

Metaspace:

Usage:
  Non-class:     70.06 MB capacity,    68.66 MB ( 98%) used,     1.19 MB (  2%) free+waste,   213.00 KB ( <1%) overhead. 
      Class:     11.22 MB capacity,    10.39 MB ( 93%) used,   755.01 KB (  7%) free+waste,    99.56 KB ( <1%) overhead. 
       Both:     81.28 MB capacity,    79.05 MB ( 97%) used,     1.92 MB (  2%) free+waste,   312.56 KB ( <1%) overhead. 

Virtual space:
  Non-class space:       72.00 MB reserved,      70.09 MB ( 97%) committed 
      Class space:        1.00 GB reserved,      11.32 MB (  1%) committed 
             Both:        1.07 GB reserved,      81.41 MB (  7%) committed 

Chunk freelists:
   Non-Class:  33.00 KB
       Class:  31.00 KB
        Both:  64.00 KB

MaxMetaspaceSize: 17179869184.00 GB
CompressedClassSpaceSize: 1.00 GB
Initial GC threshold: 20.80 MB
Current GC threshold: 109.86 MB
CDS: off

CodeHeap 'non-profiled nmethods': size=120064Kb used=6151Kb max_used=6151Kb free=113912Kb
 bounds [0x000001dc39e00000, 0x000001dc3a410000, 0x000001dc41340000]
CodeHeap 'profiled nmethods': size=120000Kb used=19611Kb max_used=19611Kb free=100388Kb
 bounds [0x000001dc328d0000, 0x000001dc33c00000, 0x000001dc39e00000]
CodeHeap 'non-nmethods': size=5696Kb used=2362Kb max_used=2398Kb free=3333Kb
 bounds [0x000001dc32340000, 0x000001dc325b0000, 0x000001dc328d0000]
 total_blobs=9747 nmethods=8873 adapters=786
 compilation: enabled
              stopped_count=0, restarted_count=0
 full_count=0

Compilation events (20 events):
Event: 128.675 Thread 0x000001dc48154800 8886       3       com.sun.xml.bind.v2.util.QNameMap::get (18 bytes)
Event: 128.675 Thread 0x000001dc48154800 nmethod 8886 0x000001dc33bf4310 code [0x000001dc33bf44e0, 0x000001dc33bf4668]
Event: 128.676 Thread 0x000001dc48154800 8888       3       com.sun.xml.bind.v2.model.impl.RuntimeTypeRefImpl::getTarget (5 bytes)
Event: 128.676 Thread 0x000001dc48154800 nmethod 8888 0x000001dc33bf4790 code [0x000001dc33bf4960, 0x000001dc33bf4ca8]
Event: 128.677 Thread 0x000001dc48154800 8889       1       com.sun.xml.bind.v2.model.impl.TypeRefImpl::isNillable (5 bytes)
Event: 128.677 Thread 0x000001dc48154800 nmethod 8889 0x000001dc3a401390 code [0x000001dc3a401540, 0x000001dc3a4015f8]
Event: 128.677 Thread 0x000001dc48154800 8890       3       com.sun.xml.bind.v2.runtime.NameBuilder::allocIndex (39 bytes)
Event: 128.677 Thread 0x000001dc48154800 nmethod 8890 0x000001dc33bf4d90 code [0x000001dc33bf4fa0, 0x000001dc33bf55f8]
Event: 128.677 Thread 0x000001dc48154800 8892       3       com.sun.xml.bind.v2.util.QNameMap::hash (36 bytes)
Event: 128.678 Thread 0x000001dc48154800 nmethod 8892 0x000001dc33bf5890 code [0x000001dc33bf5a40, 0x000001dc33bf5b88]
Event: 128.678 Thread 0x000001dc48154800 8891       3       com.sun.xml.bind.v2.runtime.Name::<init> (41 bytes)
Event: 128.678 Thread 0x000001dc48154800 nmethod 8891 0x000001dc33bf5c90 code [0x000001dc33bf5e40, 0x000001dc33bf6078]
Event: 128.678 Thread 0x000001dc48154800 8893       3       com.sun.istack.FinalArrayList::<init> (5 bytes)
Event: 128.678 Thread 0x000001dc48154800 nmethod 8893 0x000001dc33bf6190 code [0x000001dc33bf6360, 0x000001dc33bf6658]
Event: 128.678 Thread 0x000001dc48154800 8894       1       com.sun.xml.bind.v2.runtime.property.PropertyImpl::hasSerializeURIAction (2 bytes)
Event: 128.678 Thread 0x000001dc48154800 nmethod 8894 0x000001dc3a401690 code [0x000001dc3a401840, 0x000001dc3a4018f8]
Event: 128.678 Thread 0x000001dc48154800 8895       1       com.sun.xml.bind.v2.model.impl.TypeRefImpl::getDefaultValue (5 bytes)
Event: 128.678 Thread 0x000001dc48154800 nmethod 8895 0x000001dc3a401990 code [0x000001dc3a401b40, 0x000001dc3a401bf8]
Event: 128.678 Thread 0x000001dc48154800 8896       3       com.sun.xml.bind.v2.runtime.JAXBContextImpl::getOrCreate (47 bytes)
Event: 128.679 Thread 0x000001dc48154800 nmethod 8896 0x000001dc33bf6790 code [0x000001dc33bf6980, 0x000001dc33bf6e08]

GC Heap History (20 events):
Event: 34.620 GC heap after
{Heap after GC invocations=5 (full 0):
 garbage-first heap   total 196608K, used 21908K [0x00000000a0000000, 0x0000000100000000)
  region size 1024K, 5 young (5120K), 5 survivors (5120K)
 Metaspace       used 33583K, capacity 34341K, committed 34432K, reserved 1079296K
  class space    used 4339K, capacity 4654K, committed 4736K, reserved 1048576K
}
Event: 34.931 GC heap before
{Heap before GC invocations=5 (full 0):
 garbage-first heap   total 196608K, used 24980K [0x00000000a0000000, 0x0000000100000000)
  region size 1024K, 9 young (9216K), 5 survivors (5120K)
 Metaspace       used 35232K, capacity 35982K, committed 36048K, reserved 1081344K
  class space    used 4548K, capacity 4840K, committed 4864K, reserved 1048576K
}
Event: 34.942 GC heap after
{Heap after GC invocations=6 (full 0):
 garbage-first heap   total 196608K, used 22757K [0x00000000a0000000, 0x0000000100000000)
  region size 1024K, 6 young (6144K), 6 survivors (6144K)
 Metaspace       used 35232K, capacity 35982K, committed 36048K, reserved 1081344K
  class space    used 4548K, capacity 4840K, committed 4864K, reserved 1048576K
}
Event: 41.782 GC heap before
{Heap before GC invocations=7 (full 0):
 garbage-first heap   total 196608K, used 86245K [0x00000000a0000000, 0x0000000100000000)
  region size 1024K, 66 young (67584K), 6 survivors (6144K)
 Metaspace       used 40181K, capacity 41117K, committed 41372K, reserved 1085440K
  class space    used 5113K, capacity 5477K, committed 5580K, reserved 1048576K
}
Event: 41.796 GC heap after
{Heap after GC invocations=8 (full 0):
 garbage-first heap   total 196608K, used 27516K [0x00000000a0000000, 0x0000000100000000)
  region size 1024K, 9 young (9216K), 9 survivors (9216K)
 Metaspace       used 40181K, capacity 41117K, committed 41372K, reserved 1085440K
  class space    used 5113K, capacity 5477K, committed 5580K, reserved 1048576K
}
Event: 51.979 GC heap before
{Heap before GC invocations=8 (full 0):
 garbage-first heap   total 196608K, used 106364K [0x00000000a0000000, 0x0000000100000000)
  region size 1024K, 86 young (88064K), 9 survivors (9216K)
 Metaspace       used 46293K, capacity 47487K, committed 47644K, reserved 1091584K
  class space    used 5938K, capacity 6344K, committed 6476K, reserved 1048576K
}
Event: 52.001 GC heap after
{Heap after GC invocations=9 (full 0):
 garbage-first heap   total 196608K, used 30194K [0x00000000a0000000, 0x0000000100000000)
  region size 1024K, 9 young (9216K), 9 survivors (9216K)
 Metaspace       used 46293K, capacity 47487K, committed 47644K, reserved 1091584K
  class space    used 5938K, capacity 6344K, committed 6476K, reserved 1048576K
}
Event: 96.869 GC heap before
{Heap before GC invocations=9 (full 0):
 garbage-first heap   total 196608K, used 122354K [0x00000000a0000000, 0x0000000100000000)
  region size 1024K, 91 young (93184K), 9 survivors (9216K)
 Metaspace       used 50416K, capacity 51795K, committed 51996K, reserved 1093632K
  class space    used 6396K, capacity 6872K, committed 6988K, reserved 1048576K
}
Event: 96.886 GC heap after
{Heap after GC invocations=10 (full 0):
 garbage-first heap   total 196608K, used 47604K [0x00000000a0000000, 0x0000000100000000)
  region size 1024K, 12 young (12288K), 12 survivors (12288K)
 Metaspace       used 50416K, capacity 51795K, committed 51996K, reserved 1093632K
  class space    used 6396K, capacity 6872K, committed 6988K, reserved 1048576K
}
Event: 106.744 GC heap before
{Heap before GC invocations=10 (full 0):
 garbage-first heap   total 196608K, used 114164K [0x00000000a0000000, 0x0000000100000000)
  region size 1024K, 78 young (79872K), 12 survivors (12288K)
 Metaspace       used 58919K, capacity 60434K, committed 60572K, reserved 1101824K
  class space    used 7469K, capacity 8021K, committed 8140K, reserved 1048576K
}
Event: 106.773 GC heap after
{Heap after GC invocations=11 (full 0):
 garbage-first heap   total 196608K, used 50964K [0x00000000a0000000, 0x0000000100000000)
  region size 1024K, 3 young (3072K), 3 survivors (3072K)
 Metaspace       used 58919K, capacity 60434K, committed 60572K, reserved 1101824K
  class space    used 7469K, capacity 8021K, committed 8140K, reserved 1048576K
}
Event: 110.818 GC heap before
{Heap before GC invocations=12 (full 0):
 garbage-first heap   total 196608K, used 130836K [0x00000000a0000000, 0x0000000100000000)
  region size 1024K, 81 young (82944K), 3 survivors (3072K)
 Metaspace       used 65718K, capacity 67371K, committed 67496K, reserved 1107968K
  class space    used 8332K, capacity 8936K, committed 9036K, reserved 1048576K
}
Event: 110.831 GC heap after
{Heap after GC invocations=13 (full 0):
 garbage-first heap   total 196608K, used 55485K [0x00000000a0000000, 0x0000000100000000)
  region size 1024K, 8 young (8192K), 8 survivors (8192K)
 Metaspace       used 65718K, capacity 67371K, committed 67496K, reserved 1107968K
  class space    used 8332K, capacity 8936K, committed 9036K, reserved 1048576K
}
Event: 117.169 GC heap before
{Heap before GC invocations=14 (full 0):
 garbage-first heap   total 196608K, used 138429K [0x00000000a0000000, 0x0000000100000000)
  region size 1024K, 87 young (89088K), 8 survivors (8192K)
 Metaspace       used 67863K, capacity 69642K, committed 69800K, reserved 1110016K
  class space    used 8606K, capacity 9254K, committed 9292K, reserved 1048576K
}
Event: 117.188 GC heap after
{Heap after GC invocations=15 (full 0):
 garbage-first heap   total 196608K, used 66922K [0x00000000a0000000, 0x0000000100000000)
  region size 1024K, 11 young (11264K), 11 survivors (11264K)
 Metaspace       used 67863K, capacity 69642K, committed 69800K, reserved 1110016K
  class space    used 8606K, capacity 9254K, committed 9292K, reserved 1048576K
}
Event: 121.647 GC heap before
{Heap before GC invocations=15 (full 0):
 garbage-first heap   total 196608K, used 143722K [0x00000000a0000000, 0x0000000100000000)
  region size 1024K, 86 young (88064K), 11 survivors (11264K)
 Metaspace       used 70148K, capacity 72080K, committed 72232K, reserved 1112064K
  class space    used 8903K, capacity 9552K, committed 9676K, reserved 1048576K
}
Event: 121.688 GC heap after
{Heap after GC invocations=16 (full 0):
 garbage-first heap   total 196608K, used 73287K [0x00000000a0000000, 0x0000000100000000)
  region size 1024K, 6 young (6144K), 6 survivors (6144K)
 Metaspace       used 70148K, capacity 72080K, committed 72232K, reserved 1112064K
  class space    used 8903K, capacity 9552K, committed 9676K, reserved 1048576K
}
Event: 125.044 GC heap before
{Heap before GC invocations=16 (full 0):
 garbage-first heap   total 196608K, used 148039K [0x00000000a0000000, 0x0000000100000000)
  region size 1024K, 79 young (80896K), 6 survivors (6144K)
 Metaspace       used 75305K, capacity 77377K, committed 77480K, reserved 1116160K
  class space    used 9791K, capacity 10526K, committed 10572K, reserved 1048576K
}
Event: 125.064 GC heap after
{Heap after GC invocations=17 (full 0):
 garbage-first heap   total 196608K, used 77551K [0x00000000a0000000, 0x0000000100000000)
  region size 1024K, 10 young (10240K), 10 survivors (10240K)
 Metaspace       used 75305K, capacity 77377K, committed 77480K, reserved 1116160K
  class space    used 9791K, capacity 10526K, committed 10572K, reserved 1048576K
}
Event: 128.685 GC heap before
{Heap before GC invocations=17 (full 0):
 garbage-first heap   total 196608K, used 151279K [0x00000000a0000000, 0x0000000100000000)
  region size 1024K, 82 young (83968K), 10 survivors (10240K)
 Metaspace       used 80946K, capacity 83228K, committed 83368K, reserved 1122304K
  class space    used 10634K, capacity 11489K, committed 11596K, reserved 1048576K
}

Deoptimization events (20 events):
Event: 126.245 Thread 0x000001dc4871e800 DEOPT PACKING pc=0x000001dc3a26a70c sp=0x000000b85abf8d60
Event: 126.245 Thread 0x000001dc4871e800 DEOPT UNPACKING pc=0x000001dc3238a1af sp=0x000000b85abf8cf0 mode 2
Event: 126.803 Thread 0x000001dc4871e800 DEOPT PACKING pc=0x000001dc3393f685 sp=0x000000b85abf8ec0
Event: 126.803 Thread 0x000001dc4871e800 DEOPT UNPACKING pc=0x000001dc3238a95e sp=0x000000b85abf8420 mode 0
Event: 127.631 Thread 0x000001dc4871e800 Uncommon trap: trap_request=0xffffff4d fr.pc=0x000001dc3a122a58 relative=0x0000000000001ab8
Event: 127.631 Thread 0x000001dc4871e800 Uncommon trap: reason=unstable_if action=reinterpret pc=0x000001dc3a122a58 method=sun.nio.fs.WindowsPathParser.normalize(Ljava/lang/StringBuilder;Ljava/lang/String;I)Ljava/lang/String; @ 172 c2
Event: 127.631 Thread 0x000001dc4871e800 DEOPT PACKING pc=0x000001dc3a122a58 sp=0x000000b85abf8a00
Event: 127.631 Thread 0x000001dc4871e800 DEOPT UNPACKING pc=0x000001dc3238a1af sp=0x000000b85abf89f0 mode 2
Event: 127.826 Thread 0x000001dc4871e800 Uncommon trap: trap_request=0xffffff4d fr.pc=0x000001dc39f5dd38 relative=0x0000000000000838
Event: 127.826 Thread 0x000001dc4871e800 Uncommon trap: reason=unstable_if action=reinterpret pc=0x000001dc39f5dd38 method=java.util.jar.JarFile.getVersionedEntry(Ljava/lang/String;Ljava/util/jar/JarEntry;)Ljava/util/jar/JarEntry; @ 67 c2
Event: 127.826 Thread 0x000001dc4871e800 DEOPT PACKING pc=0x000001dc39f5dd38 sp=0x000000b85abf6de0
Event: 127.826 Thread 0x000001dc4871e800 DEOPT UNPACKING pc=0x000001dc3238a1af sp=0x000000b85abf6dc8 mode 2
Event: 128.154 Thread 0x000001dc4871e800 Uncommon trap: trap_request=0xffffffde fr.pc=0x000001dc3a1b501c relative=0x000000000000199c
Event: 128.154 Thread 0x000001dc4871e800 Uncommon trap: reason=class_check action=maybe_recompile pc=0x000001dc3a1b501c method=java.lang.Class.createAnnotationData(I)Ljava/lang/Class$AnnotationData; @ 103 c2
Event: 128.154 Thread 0x000001dc4871e800 DEOPT PACKING pc=0x000001dc3a1b501c sp=0x000000b85abf7ee0
Event: 128.154 Thread 0x000001dc4871e800 DEOPT UNPACKING pc=0x000001dc3238a1af sp=0x000000b85abf7d68 mode 2
Event: 128.236 Thread 0x000001dc4871e800 Uncommon trap: trap_request=0xfffffff4 fr.pc=0x000001dc3a1b51b8 relative=0x0000000000001b38
Event: 128.236 Thread 0x000001dc4871e800 Uncommon trap: reason=null_check action=make_not_entrant pc=0x000001dc3a1b51b8 method=java.lang.Class.createAnnotationData(I)Ljava/lang/Class$AnnotationData; @ 14 c2
Event: 128.236 Thread 0x000001dc4871e800 DEOPT PACKING pc=0x000001dc3a1b51b8 sp=0x000000b85abf7380
Event: 128.236 Thread 0x000001dc4871e800 DEOPT UNPACKING pc=0x000001dc3238a1af sp=0x000000b85abf7330 mode 2

Classes redefined (0 events):
No events

Internal exceptions (20 events):
Event: 125.507 Thread 0x000001dc4871e800 Exception <a 'java/lang/ClassNotFoundException'{0x00000000ab0558d8}: com/android/build/gradle/internal/res/LinkApplicationAndroidResourcesTaskCustomizer> (0x00000000ab0558d8) thrown at [./src/hotspot/share/classfile/systemDictionary.cpp, line 231]
Event: 125.532 Thread 0x000001dc4871e800 Exception <a 'java/lang/ClassNotFoundException'{0x00000000ab0cd6a0}: com/android/build/gradle/internal/res/LinkApplicationAndroidResourcesTask_DecoratedCustomizer> (0x00000000ab0cd6a0) thrown at [./src/hotspot/share/classfile/systemDictionary.cpp, line 231]
Event: 125.920 Thread 0x000001dc4871e800 Exception <a 'java/lang/ClassNotFoundException'{0x00000000aa773aa8}: java/lang/IntegerBeanInfo> (0x00000000aa773aa8) thrown at [./src/hotspot/share/classfile/systemDictionary.cpp, line 231]
Event: 125.920 Thread 0x000001dc4871e800 Exception <a 'java/lang/ClassNotFoundException'{0x00000000aa782a30}: java/lang/NumberBeanInfo> (0x00000000aa782a30) thrown at [./src/hotspot/share/classfile/systemDictionary.cpp, line 231]
Event: 125.921 Thread 0x000001dc4871e800 Exception <a 'java/lang/ClassNotFoundException'{0x00000000aa791f18}: java/lang/NumberCustomizer> (0x00000000aa791f18) thrown at [./src/hotspot/share/classfile/systemDictionary.cpp, line 231]
Event: 125.921 Thread 0x000001dc4871e800 Exception <a 'java/lang/ClassNotFoundException'{0x00000000aa7a3e88}: java/lang/IntegerCustomizer> (0x00000000aa7a3e88) thrown at [./src/hotspot/share/classfile/systemDictionary.cpp, line 231]
Event: 125.999 Thread 0x000001dc4871e800 Exception <a 'java/lang/ClassNotFoundException'{0x00000000aa532bc8}: org/gradle/api/tasks/Delete_DecoratedBeanInfo> (0x00000000aa532bc8) thrown at [./src/hotspot/share/classfile/systemDictionary.cpp, line 231]
Event: 126.000 Thread 0x000001dc4871e800 Exception <a 'java/lang/ClassNotFoundException'{0x00000000aa55e920}: org/gradle/api/tasks/DeleteBeanInfo> (0x00000000aa55e920) thrown at [./src/hotspot/share/classfile/systemDictionary.cpp, line 231]
Event: 126.002 Thread 0x000001dc4871e800 Exception <a 'java/lang/ClassNotFoundException'{0x00000000aa58a010}: org/gradle/api/tasks/DeleteCustomizer> (0x00000000aa58a010) thrown at [./src/hotspot/share/classfile/systemDictionary.cpp, line 231]
Event: 126.004 Thread 0x000001dc4871e800 Exception <a 'java/lang/ClassNotFoundException'{0x00000000aa5cc9f0}: org/gradle/api/tasks/Delete_DecoratedCustomizer> (0x00000000aa5cc9f0) thrown at [./src/hotspot/share/classfile/systemDictionary.cpp, line 231]
Event: 126.147 Thread 0x000001dc4871e800 Implicit null exception at 0x000001dc3a36cedd to 0x000001dc3a36d6f0
Event: 126.147 Thread 0x000001dc4871e800 Implicit null exception at 0x000001dc3a3407db to 0x000001dc3a34086c
Event: 126.147 Thread 0x000001dc4871e800 Implicit null exception at 0x000001dc3a36cedd to 0x000001dc3a36d6f0
Event: 126.148 Thread 0x000001dc4871e800 Implicit null exception at 0x000001dc3a36cedd to 0x000001dc3a36d6f0
Event: 126.157 Thread 0x000001dc4871e800 Implicit null exception at 0x000001dc3a36cedd to 0x000001dc3a36d6f0
Event: 126.254 Thread 0x000001dc4871e800 Exception <a 'java/lang/NoSuchMethodError'{0x00000000aa259178}: 'void java.lang.invoke.DirectMethodHandle$Holder.invokeInterface(java.lang.Object, java.lang.Object)'> (0x00000000aa259178) thrown at [./src/hotspot/share/interpreter/linkResolver.cpp, line 773]
Event: 127.426 Thread 0x000001dc4871e800 Exception <a 'sun/nio/fs/WindowsException'{0x00000000a92c20c0}> (0x00000000a92c20c0) thrown at [./src/hotspot/share/prims/jni.cpp, line 615]
Event: 127.427 Thread 0x000001dc4871e800 Exception <a 'sun/nio/fs/WindowsException'{0x00000000a92c24e0}> (0x00000000a92c24e0) thrown at [./src/hotspot/share/prims/jni.cpp, line 615]
Event: 128.069 Thread 0x000001dc4871e800 Exception <a 'java/lang/NullPointerException'{0x00000000a88f20c8}> (0x00000000a88f20c8) thrown at [./src/hotspot/share/interpreter/linkResolver.cpp, line 1440]
Event: 128.236 Thread 0x000001dc4871e800 Implicit null exception at 0x000001dc3a1b3747 to 0x000001dc3a1b5190

Events (20 events):
Event: 128.676 loading class com/sun/xml/bind/v2/runtime/property/ArrayERProperty$ReceiverImpl done
Event: 128.679 loading class com/sun/xml/bind/v2/runtime/NameList
Event: 128.679 loading class com/sun/xml/bind/v2/runtime/NameList done
Event: 128.680 loading class com/sun/xml/bind/v2/runtime/unmarshaller/UnmarshallerImpl
Event: 128.680 loading class com/sun/xml/bind/v2/runtime/unmarshaller/UnmarshallerImpl done
Event: 128.680 loading class javax/xml/bind/ValidationEventHandler
Event: 128.680 loading class javax/xml/bind/ValidationEventHandler done
Event: 128.681 loading class javax/xml/bind/helpers/AbstractUnmarshallerImpl
Event: 128.681 loading class javax/xml/bind/helpers/AbstractUnmarshallerImpl done
Event: 128.682 loading class javax/xml/bind/PropertyException
Event: 128.682 loading class javax/xml/bind/PropertyException done
Event: 128.683 loading class com/sun/xml/bind/IDResolver
Event: 128.683 loading class com/sun/xml/bind/IDResolver done
Event: 128.683 loading class com/sun/xml/bind/v2/runtime/unmarshaller/DefaultIDResolver
Event: 128.683 loading class com/sun/xml/bind/v2/runtime/unmarshaller/DefaultIDResolver done
Event: 128.684 loading class javax/xml/bind/UnmarshalException
Event: 128.684 loading class javax/xml/bind/UnmarshalException done
Event: 128.684 loading class com/sun/xml/bind/v2/runtime/unmarshaller/XmlVisitor
Event: 128.684 loading class com/sun/xml/bind/v2/runtime/unmarshaller/XmlVisitor done
Event: 128.685 Executing VM operation: G1CollectForAllocation


Dynamic libraries:
0x00007ff74fea0000 - 0x00007ff74feaa000 	C:\Program Files\Android\Android Studio\jre\bin\java.exe
0x00007ff8cdd50000 - 0x00007ff8cdf48000 	C:\WINDOWS\SYSTEM32\ntdll.dll
0x00007ff8cc360000 - 0x00007ff8cc41f000 	C:\WINDOWS\System32\KERNEL32.DLL
0x00007ff8cb450000 - 0x00007ff8cb722000 	C:\WINDOWS\System32\KERNELBASE.dll
0x00007ff8cb730000 - 0x00007ff8cb830000 	C:\WINDOWS\System32\ucrtbase.dll
0x00007ff8bca10000 - 0x00007ff8bca27000 	C:\Program Files\Android\Android Studio\jre\bin\VCRUNTIME140.dll
0x00007ff8bf280000 - 0x00007ff8bf299000 	C:\Program Files\Android\Android Studio\jre\bin\jli.dll
0x00007ff8cbe30000 - 0x00007ff8cbfd1000 	C:\WINDOWS\System32\USER32.dll
0x00007ff8cbd70000 - 0x00007ff8cbd92000 	C:\WINDOWS\System32\win32u.dll
0x00007ff8caa40000 - 0x00007ff8cacda000 	C:\WINDOWS\WinSxS\amd64_microsoft.windows.common-controls_6595b64144ccf1df_6.0.19041.1110_none_60b5254171f9507e\COMCTL32.dll
0x00007ff8cbfe0000 - 0x00007ff8cc00b000 	C:\WINDOWS\System32\GDI32.dll
0x00007ff8cdb30000 - 0x00007ff8cdbce000 	C:\WINDOWS\System32\msvcrt.dll
0x00007ff8cb9e0000 - 0x00007ff8cbaef000 	C:\WINDOWS\System32\gdi32full.dll
0x00007ff8cbc30000 - 0x00007ff8cbccd000 	C:\WINDOWS\System32\msvcp_win.dll
0x00007ff8cd610000 - 0x00007ff8cd640000 	C:\WINDOWS\System32\IMM32.DLL
0x00007ff8a6e80000 - 0x00007ff8a6f1d000 	C:\Program Files\Android\Android Studio\jre\bin\msvcp140.dll
0x00007ff860a00000 - 0x00007ff8614e5000 	C:\Program Files\Android\Android Studio\jre\bin\server\jvm.dll
0x00007ff8cd500000 - 0x00007ff8cd5ae000 	C:\WINDOWS\System32\ADVAPI32.dll
0x00007ff8cd3a0000 - 0x00007ff8cd43c000 	C:\WINDOWS\System32\sechost.dll
0x00007ff8cc420000 - 0x00007ff8cc544000 	C:\WINDOWS\System32\RPCRT4.dll
0x00007ff8cd4f0000 - 0x00007ff8cd4f8000 	C:\WINDOWS\System32\PSAPI.DLL
0x00007ff8c3150000 - 0x00007ff8c3159000 	C:\WINDOWS\SYSTEM32\WSOCK32.dll
0x00007ff8a9f00000 - 0x00007ff8a9f27000 	C:\WINDOWS\SYSTEM32\WINMM.dll
0x00007ff8c1720000 - 0x00007ff8c172a000 	C:\WINDOWS\SYSTEM32\VERSION.dll
0x00007ff8cc550000 - 0x00007ff8cc5bb000 	C:\WINDOWS\System32\WS2_32.dll
0x00007ff8c8f90000 - 0x00007ff8c8fa2000 	C:\WINDOWS\SYSTEM32\kernel.appcore.dll
0x00007ff8c3130000 - 0x00007ff8c3141000 	C:\Program Files\Android\Android Studio\jre\bin\verify.dll
0x00007ff8caf30000 - 0x00007ff8cb114000 	C:\WINDOWS\SYSTEM32\DBGHELP.DLL
0x00007ff8cae10000 - 0x00007ff8cae45000 	C:\WINDOWS\SYSTEM32\dbgcore.DLL
0x00007ff8cbaf0000 - 0x00007ff8cbb72000 	C:\WINDOWS\System32\bcryptPrimitives.dll
0x00007ff8bd0e0000 - 0x00007ff8bd109000 	C:\Program Files\Android\Android Studio\jre\bin\java.dll
0x00007ff8bf660000 - 0x00007ff8bf66b000 	C:\Program Files\Android\Android Studio\jre\bin\jimage.dll
0x00007ff8bf3d0000 - 0x00007ff8bf3e8000 	C:\Program Files\Android\Android Studio\jre\bin\zip.dll
0x00007ff8cc5c0000 - 0x00007ff8ccd05000 	C:\WINDOWS\System32\SHELL32.dll
0x00007ff8c8220000 - 0x00007ff8c89b2000 	C:\WINDOWS\SYSTEM32\windows.storage.dll
0x00007ff8cce40000 - 0x00007ff8cd195000 	C:\WINDOWS\System32\combase.dll
0x00007ff8ca6b0000 - 0x00007ff8ca6e0000 	C:\WINDOWS\SYSTEM32\Wldp.dll
0x00007ff8ccd10000 - 0x00007ff8ccdbd000 	C:\WINDOWS\System32\SHCORE.dll
0x00007ff8ccdd0000 - 0x00007ff8cce25000 	C:\WINDOWS\System32\shlwapi.dll
0x00007ff8cb390000 - 0x00007ff8cb3af000 	C:\WINDOWS\SYSTEM32\profapi.dll
0x00007ff8bf200000 - 0x00007ff8bf21a000 	C:\Program Files\Android\Android Studio\jre\bin\net.dll
0x00007ff8baf20000 - 0x00007ff8bb02a000 	C:\WINDOWS\SYSTEM32\WINHTTP.dll
0x00007ff8ca4b0000 - 0x00007ff8ca51a000 	C:\WINDOWS\system32\mswsock.dll
0x00007ff8bc9f0000 - 0x00007ff8bca04000 	C:\Program Files\Android\Android Studio\jre\bin\nio.dll
0x00007ff8a7d40000 - 0x00007ff8a7d67000 	C:\Users\APP-IMPACT COM\.gradle\native\e1d6ef7f7dcc3fd88c89a11ec53ec762bb8ba0a96d01ffa2cd45eb1d1d8dd5c5\windows-amd64\native-platform.dll
0x00007ff88eda0000 - 0x00007ff88eee4000 	C:\Users\APP-IMPACT COM\.gradle\native\0d407fdbe67a94daf76414ababcb853783967236a71b16ec16e742cd7a986fd3\windows-amd64\native-platform-file-events.dll
0x00007ff8bf650000 - 0x00007ff8bf65a000 	C:\Program Files\Android\Android Studio\jre\bin\management.dll
0x00007ff8bc460000 - 0x00007ff8bc46d000 	C:\Program Files\Android\Android Studio\jre\bin\management_ext.dll
0x00007ff8cae90000 - 0x00007ff8caea8000 	C:\WINDOWS\SYSTEM32\CRYPTSP.dll
0x00007ff8c9de0000 - 0x00007ff8c9e14000 	C:\WINDOWS\system32\rsaenh.dll
0x00007ff8cbd40000 - 0x00007ff8cbd67000 	C:\WINDOWS\System32\bcrypt.dll
0x00007ff8cb350000 - 0x00007ff8cb37e000 	C:\WINDOWS\SYSTEM32\USERENV.dll
0x00007ff8ca640000 - 0x00007ff8ca64c000 	C:\WINDOWS\SYSTEM32\CRYPTBASE.dll
0x00007ff8ca150000 - 0x00007ff8ca18b000 	C:\WINDOWS\SYSTEM32\IPHLPAPI.DLL
0x00007ff8cce30000 - 0x00007ff8cce38000 	C:\WINDOWS\System32\NSI.dll
0x00007ff8bf580000 - 0x00007ff8bf597000 	C:\WINDOWS\SYSTEM32\dhcpcsvc6.DLL
0x00007ff8beea0000 - 0x00007ff8beebd000 	C:\WINDOWS\SYSTEM32\dhcpcsvc.DLL
0x00007ff8ca200000 - 0x00007ff8ca2cb000 	C:\WINDOWS\SYSTEM32\DNSAPI.dll

dbghelp: loaded successfully - version: 4.0.5 - missing functions: none
symbol engine: initialized successfully - sym options: 0x614 - pdb path: .;C:\Program Files\Android\Android Studio\jre\bin;C:\WINDOWS\SYSTEM32;C:\WINDOWS\WinSxS\amd64_microsoft.windows.common-controls_6595b64144ccf1df_6.0.19041.1110_none_60b5254171f9507e;C:\Program Files\Android\Android Studio\jre\bin\server;C:\Users\APP-IMPACT COM\.gradle\native\e1d6ef7f7dcc3fd88c89a11ec53ec762bb8ba0a96d01ffa2cd45eb1d1d8dd5c5\windows-amd64;C:\Users\APP-IMPACT COM\.gradle\native\0d407fdbe67a94daf76414ababcb853783967236a71b16ec16e742cd7a986fd3\windows-amd64

VM Arguments:
jvm_args: --add-opens=java.base/java.util=ALL-UNNAMED --add-opens=java.base/java.lang=ALL-UNNAMED --add-opens=java.base/java.lang.invoke=ALL-UNNAMED --add-opens=java.base/java.util=ALL-UNNAMED --add-opens=java.prefs/java.util.prefs=ALL-UNNAMED --add-opens=java.prefs/java.util.prefs=ALL-UNNAMED --add-opens=java.base/java.nio.charset=ALL-UNNAMED --add-opens=java.base/java.net=ALL-UNNAMED --add-opens=java.base/java.util.concurrent.atomic=ALL-UNNAMED -Xmx1536M -Dfile.encoding=windows-1252 -Duser.country=US -Duser.language=en -Duser.variant 
java_command: org.gradle.launcher.daemon.bootstrap.GradleDaemon 7.4
java_class_path (initial): C:\Users\APP-IMPACT COM\.gradle\wrapper\dists\gradle-7.4-all\aadb4xli5jkdsnukm30eibyiu\gradle-7.4\lib\gradle-launcher-7.4.jar
Launcher Type: SUN_STANDARD

[Global flags]
     intx CICompilerCount                          = 3                                         {product} {ergonomic}
     uint ConcGCThreads                            = 1                                         {product} {ergonomic}
     uint G1ConcRefinementThreads                  = 4                                         {product} {ergonomic}
   size_t G1HeapRegionSize                         = 1048576                                   {product} {ergonomic}
    uintx GCDrainStackTargetSize                   = 64                                        {product} {ergonomic}
   size_t InitialHeapSize                          = 201326592                                 {product} {ergonomic}
   size_t MarkStackSize                            = 4194304                                   {product} {ergonomic}
   size_t MaxHeapSize                              = 1610612736                                {product} {command line}
   size_t MaxNewSize                               = 965738496                                 {product} {ergonomic}
   size_t MinHeapDeltaBytes                        = 1048576                                   {product} {ergonomic}
    uintx NonNMethodCodeHeapSize                   = 5830732                                {pd product} {ergonomic}
    uintx NonProfiledCodeHeapSize                  = 122913754                              {pd product} {ergonomic}
    uintx ProfiledCodeHeapSize                     = 122913754                              {pd product} {ergonomic}
    uintx ReservedCodeCacheSize                    = 251658240                              {pd product} {ergonomic}
     bool SegmentedCodeCache                       = true                                      {product} {ergonomic}
     bool UseCompressedClassPointers               = true                                 {lp64_product} {ergonomic}
     bool UseCompressedOops                        = true                                 {lp64_product} {ergonomic}
     bool UseG1GC                                  = true                                      {product} {ergonomic}
     bool UseLargePagesIndividualAllocation        = false                                  {pd product} {ergonomic}

Logging:
Log output configuration:
 #0: stdout all=warning uptime,level,tags
 #1: stderr all=off uptime,level,tags

Environment Variables:
JAVA_HOME=C:\Program Files\Android\Android Studio\jre
CLASSPATH=C:\Users\APP-IMPACT COM\Documents\remote_access\flutter_dev_assessment\android\\gradle\wrapper\gradle-wrapper.jar
PATH=C:\Program Files\Microsoft MPI\Bin\;C:\Program Files (x86)\VMware\VMware Workstation\bin\;C:\Program Files (x86)\Common Files\Oracle\Java\javapath;C:\WINDOWS\system32;C:\WINDOWS;C:\WINDOWS\System32\Wbem;C:\WINDOWS\System32\WindowsPowerShell\v1.0\;C:\WINDOWS\System32\OpenSSH\;C:\Program Files\MATLAB\R2018a\runtime\win64;C:\Program Files\MATLAB\R2018a\bin;c:\Program Files (x86)\QuickTime\QTSystem\;C:\Program Files\nodejs\;C:\xampp\php;C:\ProgramData\ComposerSetup\bin;C:\Program Files\Microsoft VS Code\bin;C:\Program Files (x86)\Microsoft Visual Studio 10.0\VC\bin;C:\Windows\Microsoft.NET\Framework\v3.5;C:\Windows\Microsoft.NET\Framework\v2.0.50727;C:\Program Files (x86)\Microsoft Visual Studio 10.0\VC\VCPackages;C:\Program Files (x86)\Microsoft Visual Studio 10.0\Common7\IDE;C:\Program Files (x86)\Microsoft Visual Studio 10.0\Common7\Tools;C:\Program Files (x86)\Microsoft SDKs\Windows\v7.0A\bin\;C:\Program Files\Docker\Docker\resources\bin;C:\ProgramData\DockerDesktop\version-bin;C:\Program Files\Common Files\Autodesk Shared\;C:\Program Files\dotnet\;C:\Program Files\PuTTY\;C:\Program Files\Java\jdk1.8.0_321\bin;C:\Program Files\Microsoft SQL Server\120\DTS\Binn\;C:\Program Files\Microsoft SQL Server\Client SDK\ODBC\110\Tools\Binn\;C:\Program Files (x86)\Microsoft SQL Server\120\Tools\Binn\;C:\Program Files\Microsoft SQL Server\120\Tools\Binn\;C:\Program Files (x86)\Microsoft SQL Server\120\Tools\Binn\ManagementStudio\;C:\Program Files (x86)\Microsoft SQL Server\120\DTS\Binn\;C:\Program Files\Git\cmd;C:\Program Files\MongoDB\Server\6.0\bin;C:\mongosh-1.6.0\bin;C:\Users\APP-IMPACT COM\AppData\Local\Programs\Python\Python39\Scripts\;C:\Users\APP-IMPACT COM\AppData\Local\Programs\Python\Python39\;C:\Users\APP-IMPACT COM\AppData\Local\Microsoft\WindowsApps;C:\Program Files\Microsoft VS Code\bin;C:\Users\APP-IMPACT COM\AppData\Roaming\npm;C:\Users\APP-IMPACT COM\AppData\Roaming\Composer\vendor\bin;C:\src\flutter\bin;C:\Users\APP-IMPACT COM\AppData\Local\Android\Sdk\platf
USERNAME=APP-IMPACT COM
OS=Windows_NT
PROCESSOR_IDENTIFIER=Intel64 Family 6 Model 60 Stepping 3, GenuineIntel



---------------  S Y S T E M  ---------------

OS: Windows 10 , 64 bit Build 19041 (10.0.19041.2546)
OS uptime: 5 days 4:35 hours
Hyper-V role detected

CPU:total 4 (initial active 4) (2 cores per cpu, 2 threads per core) family 6 model 60 stepping 3 microcode 0x27, cmov, cx8, fxsr, mmx, sse, sse2, sse3, ssse3, sse4.1, sse4.2, popcnt, avx, avx2, aes, clmul, erms, lzcnt, ht, tsc, tscinvbit, bmi1, bmi2, fma

Memory: 4k page, system-wide physical 12201M (3448M free)
TotalPageFile size 15640M (AvailPageFile size 6231M)
current process WorkingSet (physical memory assigned to process): 415M, peak: 420M
current process commit charge ("private bytes"): 453M, peak: 460M

vm_info: OpenJDK 64-Bit Server VM (11.0.12+7-b1504.28-7817840) for windows-amd64 JRE (11.0.12+7-b1504.28-7817840), built on Oct 13 2021 22:12:33 by "builder" with MS VC++ 14.0 (VS2015)

END.
